TpTrace Verbose: 0 : 9796, 1, 2021/11/15, 14:10:04.423, 9263306298482, testhost.dll, Version: 16.9.4
TpTrace Information: 0 : 9796, 1, 2021/11/15, 14:10:04.437, 9263306385932, testhost.dll, DefaultEngineInvoker.Invoke: Testhost process started with args :[--port, 61758],[--endpoint, 127.0.0.1:061758],[--role, client],[--parentprocessid, 12520],[--diag, C:\Users\Ehlimana\Desktop\BrowserSerija\Zadatak 2\bin\Debug\net5.0\fine-code-coverage\coverage-tool-output\diagnostics.host.21-11-15_14-10-04_20320_5.log],[--tracelevel, 4],[--datacollectionport, 61757],[--telemetryoptedin, false]
TpTrace Information: 0 : 9796, 1, 2021/11/15, 14:10:04.440, 9263306412911, testhost.dll, Setting up debug trace listener.
TpTrace Verbose: 0 : 9796, 1, 2021/11/15, 14:10:04.440, 9263306416854, testhost.dll, TestPlatformTraceListener.Setup: Replacing listener 0 with TestHostTraceListener.
TpTrace Verbose: 0 : 9796, 1, 2021/11/15, 14:10:04.440, 9263306418128, testhost.dll, TestPlatformTraceListener.Setup: Added test platform trace listener.
TpTrace Information: 0 : 9796, 1, 2021/11/15, 14:10:04.441, 9263306425903, testhost.dll, DefaultEngineInvoker.SetParentProcessExitCallback: Monitoring parent process with id: '12520'
TpTrace Information: 0 : 9796, 1, 2021/11/15, 14:10:04.453, 9263306542315, testhost.dll, DefaultEngineInvoker.GetConnectionInfo: Initialize communication on endpoint address: '127.0.0.1:061758'
TpTrace Information: 0 : 9796, 1, 2021/11/15, 14:10:04.478, 9263306797996, testhost.dll, SocketClient.Start: connecting to server endpoint: 127.0.0.1:061758
TpTrace Information: 0 : 9796, 1, 2021/11/15, 14:10:04.491, 9263306922377, testhost.dll, DefaultEngineInvoker.ConnectToDatacollector: Connecting to datacollector, port: 61757
TpTrace Information: 0 : 9796, 5, 2021/11/15, 14:10:04.492, 9263306937331, testhost.dll, SocketClient.OnServerConnected: connected to server endpoint: 127.0.0.1:061758
TpTrace Verbose: 0 : 9796, 5, 2021/11/15, 14:10:04.496, 9263306972156, testhost.dll, Connected to server, and starting MessageLoopAsync
TpTrace Information: 0 : 9796, 1, 2021/11/15, 14:10:04.496, 9263306974259, testhost.dll, Trying to connect to server on socket : 127.0.0.1:61757 
TpTrace Verbose: 0 : 9796, 1, 2021/11/15, 14:10:04.496, 9263306979444, testhost.dll, SocketCommunicationManager : SetupClientAsync : Attempting to connect to the server.
TpTrace Information: 0 : 9796, 10, 2021/11/15, 14:10:04.499, 9263307004580, testhost.dll, Connected to the server successfully 
TpTrace Information: 0 : 9796, 10, 2021/11/15, 14:10:04.499, 9263307006044, testhost.dll, Using the buffer size of 16384 bytes
TpTrace Information: 0 : 9796, 1, 2021/11/15, 14:10:04.500, 9263307012610, testhost.dll, DefaultEngineInvoker.Invoke: Start Request Processing.
TpTrace Verbose: 0 : 9796, 5, 2021/11/15, 14:10:04.500, 9263307013663, testhost.dll, TcpClientExtensions.MessageLoopAsync: Polling on remoteEndPoint: [::ffff:127.0.0.1]:61758 localEndPoint: [::ffff:127.0.0.1]:61759
TpTrace Verbose: 0 : 9796, 5, 2021/11/15, 14:10:04.500, 9263307018655, testhost.dll, TcpClientExtensions.MessageLoopAsync: NotifyDataAvailable remoteEndPoint: [::ffff:127.0.0.1]:61758 localEndPoint: [::ffff:127.0.0.1]:61759
TpTrace Information: 0 : 9796, 11, 2021/11/15, 14:10:04.501, 9263307027025, testhost.dll, DefaultEngineInvoker.StartProcessingAsync: Connected to vstest.console, Starting process requests.
TpTrace Information: 0 : 9796, 5, 2021/11/15, 14:10:04.656, 9263308579397, testhost.dll, TestRequestHandler.ProcessRequests: received message: (ProtocolVersion) -> 5
TpTrace Verbose: 0 : 9796, 5, 2021/11/15, 14:10:04.705, 9263309068338, testhost.dll, TestRequestHandler.SendData:  sending data from testhost: {"Version":5,"MessageType":"TestSession.Message","Payload":{"MessageLevel":0,"Message":"Logging TestHost Diagnostics in file: C:\\Users\\Ehlimana\\Desktop\\BrowserSerija\\Zadatak 2\\bin\\Debug\\net5.0\\fine-code-coverage\\coverage-tool-output\\diagnostics.host.21-11-15_14-10-04_20320_5.log"}}
TpTrace Verbose: 0 : 9796, 5, 2021/11/15, 14:10:04.706, 9263309071896, testhost.dll, TcpClientExtensions.MessageLoopAsync: Polling on remoteEndPoint: [::ffff:127.0.0.1]:61758 localEndPoint: [::ffff:127.0.0.1]:61759
TpTrace Verbose: 0 : 9796, 5, 2021/11/15, 14:10:04.706, 9263309074596, testhost.dll, TcpClientExtensions.MessageLoopAsync: NotifyDataAvailable remoteEndPoint: [::ffff:127.0.0.1]:61758 localEndPoint: [::ffff:127.0.0.1]:61759
TpTrace Information: 0 : 9796, 5, 2021/11/15, 14:10:04.713, 9263309146733, testhost.dll, TestRequestHandler.ProcessRequests: received message: (TestExecution.Initialize) -> [
  "C:\\Users\\Ehlimana\\Desktop\\BrowserSerija\\Zadatak 2\\bin\\Debug\\net5.0\\fine-code-coverage\\build-output\\Microsoft.VisualStudio.TestPlatform.MSTest.TestAdapter.dll"
]
TpTrace Information: 0 : 9796, 5, 2021/11/15, 14:10:04.713, 9263309148928, testhost.dll, Execution Session Initialize.
TpTrace Verbose: 0 : 9796, 5, 2021/11/15, 14:10:04.721, 9263309227285, testhost.dll, TcpClientExtensions.MessageLoopAsync: Polling on remoteEndPoint: [::ffff:127.0.0.1]:61758 localEndPoint: [::ffff:127.0.0.1]:61759
TpTrace Verbose: 0 : 9796, 5, 2021/11/15, 14:10:04.721, 9263309229383, testhost.dll, TcpClientExtensions.MessageLoopAsync: NotifyDataAvailable remoteEndPoint: [::ffff:127.0.0.1]:61758 localEndPoint: [::ffff:127.0.0.1]:61759
TpTrace Verbose: 0 : 9796, 4, 2021/11/15, 14:10:04.725, 9263309263436, testhost.dll, TestExecutorService: Loading the extensions
TpTrace Information: 0 : 9796, 5, 2021/11/15, 14:10:04.726, 9263309270702, testhost.dll, TestRequestHandler.ProcessRequests: received message: (TestExecution.StartWithSources) -> {
  "AdapterSourceMap": {
    "_none_": [
      "C:\\Users\\Ehlimana\\Desktop\\BrowserSerija\\Zadatak 2\\bin\\Debug\\net5.0\\fine-code-coverage\\build-output\\Zadatak 2.dll"
    ]
  },
  "RunSettings": "<RunSettings>\r\n  <RunConfiguration>\r\n    <ResultsDirectory>C:\\Users\\Ehlimana\\Desktop\\BrowserSerija\\Zadatak 2\\bin\\Debug\\net5.0\\fine-code-coverage\\coverage-tool-output</ResultsDirectory>\r\n    <TargetPlatform>X64</TargetPlatform>\r\n    <TargetFrameworkVersion>.NETCoreApp,Version=v5.0</TargetFrameworkVersion>\r\n    <DesignMode>False</DesignMode>\r\n    <CollectSourceInformation>False</CollectSourceInformation>\r\n  </RunConfiguration>\r\n  <LoggerRunSettings>\r\n    <Loggers>\r\n      <Logger friendlyName=\"blame\" enabled=\"True\" />\r\n      <Logger friendlyName=\"Console\" uri=\"logger://microsoft/TestPlatform/ConsoleLogger/v1\" assemblyQualifiedName=\"Microsoft.VisualStudio.TestPlatform.CommandLine.Internal.ConsoleLogger, vstest.console, Version=15.0.0.0, Culture=neutral, PublicKeyToken=b03f5f7f11d50a3a\" codeBase=\"C:\\Program Files\\dotnet\\sdk\\6.0.100\\vstest.console.dll\" enabled=\"True\" />\r\n    </Loggers>\r\n  </LoggerRunSettings>\r\n  <DataCollectionRunSettings>\r\n    <DataCollectors>\r\n      <DataCollector friendlyName=\"blame\" enabled=\"True\">\r\n        <Configuration>\r\n          <ResultsDirectory>C:\\Users\\Ehlimana\\Desktop\\BrowserSerija\\Zadatak 2\\bin\\Debug\\net5.0\\fine-code-coverage\\coverage-tool-output</ResultsDirectory>\r\n        </Configuration>\r\n      </DataCollector>\r\n    </DataCollectors>\r\n  </DataCollectionRunSettings>\r\n</RunSettings>",
  "TestExecutionContext": {
    "FrequencyOfRunStatsChangeEvent": 10,
    "RunStatsChangeEventTimeout": "00:00:01.5000000",
    "InIsolation": false,
    "KeepAlive": false,
    "AreTestCaseLevelEventsRequired": false,
    "IsDebug": false,
    "TestCaseFilter": null,
    "FilterOptions": null
  },
  "Package": null
}
TpTrace Information: 0 : 9796, 5, 2021/11/15, 14:10:04.726, 9263309272246, testhost.dll, Execution started.
TpTrace Verbose: 0 : 9796, 4, 2021/11/15, 14:10:04.729, 9263309303683, testhost.dll, TestPluginCache.DiscoverTestExtensions: finding test extensions in assemblies ends with: TestAdapter.dll TPluginInfo: Microsoft.VisualStudio.TestPlatform.Common.ExtensionFramework.Utilities.TestExecutorPluginInformation TExtension: Microsoft.VisualStudio.TestPlatform.ObjectModel.Adapter.ITestExecutor
TpTrace Verbose: 0 : 9796, 4, 2021/11/15, 14:10:04.731, 9263309321824, testhost.dll, TestPluginCache.GetExtensionPaths: Filtered extension paths: 
TpTrace Verbose: 0 : 9796, 4, 2021/11/15, 14:10:04.731, 9263309329366, testhost.dll, TestPluginCache.GetExtensionPaths: Added default extension paths: C:\Users\Ehlimana\Desktop\BrowserSerija\Zadatak 2\bin\Debug\net5.0\fine-code-coverage\build-output\Microsoft.VisualStudio.TestPlatform.MSTest.TestAdapter.dll
TpTrace Verbose: 0 : 9796, 4, 2021/11/15, 14:10:04.732, 9263309331120, testhost.dll, TestPluginCache.GetExtensionPaths: Added unfilterableExtensionPaths: 
TpTrace Information: 0 : 9796, 4, 2021/11/15, 14:10:04.735, 9263309368277, testhost.dll, AssemblyResolver.ctor: Creating AssemblyResolver with searchDirectories C:\Users\Ehlimana\Desktop\BrowserSerija\Zadatak 2\bin\Debug\net5.0\fine-code-coverage\build-output
TpTrace Verbose: 0 : 9796, 4, 2021/11/15, 14:10:04.738, 9263309390139, testhost.dll, TestPluginCache.DiscoverTestExtensions: Discovering the extensions using extension path.
TpTrace Verbose: 0 : 9796, 4, 2021/11/15, 14:10:04.738, 9263309392011, testhost.dll, TestPluginCache.GetExtensionPaths: Filtered extension paths: 
TpTrace Verbose: 0 : 9796, 4, 2021/11/15, 14:10:04.738, 9263309392714, testhost.dll, TestPluginCache.GetExtensionPaths: Added default extension paths: C:\Users\Ehlimana\Desktop\BrowserSerija\Zadatak 2\bin\Debug\net5.0\fine-code-coverage\build-output\Microsoft.VisualStudio.TestPlatform.MSTest.TestAdapter.dll
TpTrace Verbose: 0 : 9796, 4, 2021/11/15, 14:10:04.738, 9263309393113, testhost.dll, TestPluginCache.GetExtensionPaths: Added unfilterableExtensionPaths: 
TpTrace Verbose: 0 : 9796, 4, 2021/11/15, 14:10:04.738, 9263309393866, testhost.dll, TestPluginCache.DiscoverTestExtensions: Discovering the extensions using allExtensionPaths: C:\Users\Ehlimana\Desktop\BrowserSerija\Zadatak 2\bin\Debug\net5.0\fine-code-coverage\build-output\Microsoft.VisualStudio.TestPlatform.MSTest.TestAdapter.dll
TpTrace Information: 0 : 9796, 4, 2021/11/15, 14:10:04.739, 9263309407595, testhost.dll, AssemblyResolver.AddSearchDirectories: Adding more searchDirectories C:\Users\Ehlimana\Desktop\BrowserSerija\Zadatak 2\bin\Debug\net5.0\fine-code-coverage\build-output
TpTrace Information: 0 : 9796, 4, 2021/11/15, 14:10:04.746, 9263309475186, testhost.dll, AssemblyResolver.OnResolve: Microsoft.VisualStudio.TestPlatform.MSTest.TestAdapter: Resolving assembly.
TpTrace Information: 0 : 9796, 4, 2021/11/15, 14:10:04.749, 9263309500435, testhost.dll, AssemblyResolver.OnResolve: Resolved assembly: Microsoft.VisualStudio.TestPlatform.MSTest.TestAdapter, from path: C:\Users\Ehlimana\Desktop\BrowserSerija\Zadatak 2\bin\Debug\net5.0\fine-code-coverage\build-output\Microsoft.VisualStudio.TestPlatform.MSTest.TestAdapter.dll
TpTrace Verbose: 0 : 9796, 4, 2021/11/15, 14:10:04.763, 9263309645366, testhost.dll, TestPluginCache: Discovered the extensions using extension path ''.
TpTrace Verbose: 0 : 9796, 4, 2021/11/15, 14:10:04.764, 9263309653219, testhost.dll, TestPluginCache: Discoverers are ''.
TpTrace Verbose: 0 : 9796, 4, 2021/11/15, 14:10:04.764, 9263309655146, testhost.dll, TestPluginCache: Executors are 'executor://MSTestAdapter/v2'.
TpTrace Verbose: 0 : 9796, 4, 2021/11/15, 14:10:04.764, 9263309656429, testhost.dll, TestPluginCache: Executors2 are ''.
TpTrace Verbose: 0 : 9796, 4, 2021/11/15, 14:10:04.764, 9263309657652, testhost.dll, TestPluginCache: Setting providers are ''.
TpTrace Verbose: 0 : 9796, 4, 2021/11/15, 14:10:04.764, 9263309658649, testhost.dll, TestPluginCache: Loggers are ''.
TpTrace Verbose: 0 : 9796, 4, 2021/11/15, 14:10:04.769, 9263309701581, testhost.dll, TestPluginCache.DiscoverTestExtensions: finding test extensions in assemblies ends with: TestAdapter.dll TPluginInfo: Microsoft.VisualStudio.TestPlatform.Common.ExtensionFramework.Utilities.TestExecutorPluginInformation2 TExtension: Microsoft.VisualStudio.TestPlatform.ObjectModel.Adapter.ITestExecutor2
TpTrace Verbose: 0 : 9796, 4, 2021/11/15, 14:10:04.769, 9263309706007, testhost.dll, TestPluginCache.GetExtensionPaths: Filtered extension paths: 
TpTrace Verbose: 0 : 9796, 4, 2021/11/15, 14:10:04.769, 9263309707182, testhost.dll, TestPluginCache.GetExtensionPaths: Added default extension paths: C:\Users\Ehlimana\Desktop\BrowserSerija\Zadatak 2\bin\Debug\net5.0\fine-code-coverage\build-output\Microsoft.VisualStudio.TestPlatform.MSTest.TestAdapter.dll
TpTrace Verbose: 0 : 9796, 4, 2021/11/15, 14:10:04.769, 9263309708058, testhost.dll, TestPluginCache.GetExtensionPaths: Added unfilterableExtensionPaths: 
TpTrace Information: 0 : 9796, 4, 2021/11/15, 14:10:04.770, 9263309711030, testhost.dll, AssemblyResolver.AddSearchDirectories: Adding more searchDirectories C:\Users\Ehlimana\Desktop\BrowserSerija\Zadatak 2\bin\Debug\net5.0\fine-code-coverage\build-output
TpTrace Verbose: 0 : 9796, 4, 2021/11/15, 14:10:04.770, 9263309711995, testhost.dll, TestPluginCache.DiscoverTestExtensions: Discovering the extensions using extension path.
TpTrace Verbose: 0 : 9796, 4, 2021/11/15, 14:10:04.770, 9263309712690, testhost.dll, TestPluginCache.GetExtensionPaths: Filtered extension paths: 
TpTrace Verbose: 0 : 9796, 4, 2021/11/15, 14:10:04.770, 9263309713248, testhost.dll, TestPluginCache.GetExtensionPaths: Added default extension paths: C:\Users\Ehlimana\Desktop\BrowserSerija\Zadatak 2\bin\Debug\net5.0\fine-code-coverage\build-output\Microsoft.VisualStudio.TestPlatform.MSTest.TestAdapter.dll
TpTrace Verbose: 0 : 9796, 4, 2021/11/15, 14:10:04.770, 9263309713930, testhost.dll, TestPluginCache.GetExtensionPaths: Added unfilterableExtensionPaths: 
TpTrace Verbose: 0 : 9796, 4, 2021/11/15, 14:10:04.770, 9263309714515, testhost.dll, TestPluginCache.DiscoverTestExtensions: Discovering the extensions using allExtensionPaths: C:\Users\Ehlimana\Desktop\BrowserSerija\Zadatak 2\bin\Debug\net5.0\fine-code-coverage\build-output\Microsoft.VisualStudio.TestPlatform.MSTest.TestAdapter.dll
TpTrace Information: 0 : 9796, 4, 2021/11/15, 14:10:04.770, 9263309715293, testhost.dll, AssemblyResolver.AddSearchDirectories: Adding more searchDirectories C:\Users\Ehlimana\Desktop\BrowserSerija\Zadatak 2\bin\Debug\net5.0\fine-code-coverage\build-output
TpTrace Verbose: 0 : 9796, 4, 2021/11/15, 14:10:04.770, 9263309718562, testhost.dll, TestPluginCache: Discovered the extensions using extension path ''.
TpTrace Verbose: 0 : 9796, 4, 2021/11/15, 14:10:04.770, 9263309719438, testhost.dll, TestPluginCache: Discoverers are ''.
TpTrace Verbose: 0 : 9796, 4, 2021/11/15, 14:10:04.771, 9263309720241, testhost.dll, TestPluginCache: Executors are 'executor://MSTestAdapter/v2'.
TpTrace Verbose: 0 : 9796, 4, 2021/11/15, 14:10:04.771, 9263309721344, testhost.dll, TestPluginCache: Executors2 are ''.
TpTrace Verbose: 0 : 9796, 4, 2021/11/15, 14:10:04.771, 9263309721977, testhost.dll, TestPluginCache: Setting providers are ''.
TpTrace Verbose: 0 : 9796, 4, 2021/11/15, 14:10:04.771, 9263309722500, testhost.dll, TestPluginCache: Loggers are ''.
TpTrace Verbose: 0 : 9796, 5, 2021/11/15, 14:10:04.772, 9263309732124, testhost.dll, TcpClientExtensions.MessageLoopAsync: Polling on remoteEndPoint: [::ffff:127.0.0.1]:61758 localEndPoint: [::ffff:127.0.0.1]:61759
TpTrace Information: 0 : 9796, 4, 2021/11/15, 14:10:04.776, 9263309779426, testhost.dll, TestPluginManager.CreateTestExtension: Attempting to load test extension: Microsoft.VisualStudio.TestPlatform.MSTest.TestAdapter.MSTestExecutor
TpTrace Verbose: 0 : 9796, 4, 2021/11/15, 14:10:04.786, 9263309871921, testhost.dll, TestExecutorExtensionManager: Loading executor Microsoft.VisualStudio.TestPlatform.MSTest.TestAdapter.MSTestExecutor
TpTrace Verbose: 0 : 9796, 4, 2021/11/15, 14:10:04.786, 9263309873088, testhost.dll, TestExecutorService: Loaded the executors
TpTrace Verbose: 0 : 9796, 4, 2021/11/15, 14:10:04.787, 9263309881763, testhost.dll, TestPluginCache.DiscoverTestExtensions: finding test extensions in assemblies ends with: TestAdapter.dll TPluginInfo: Microsoft.VisualStudio.TestPlatform.Common.ExtensionFramework.Utilities.TestSettingsProviderPluginInformation TExtension: Microsoft.VisualStudio.TestPlatform.ObjectModel.Adapter.ISettingsProvider
TpTrace Verbose: 0 : 9796, 4, 2021/11/15, 14:10:04.787, 9263309882997, testhost.dll, TestPluginCache.GetExtensionPaths: Filtered extension paths: 
TpTrace Verbose: 0 : 9796, 4, 2021/11/15, 14:10:04.787, 9263309884323, testhost.dll, TestPluginCache.GetExtensionPaths: Added default extension paths: C:\Users\Ehlimana\Desktop\BrowserSerija\Zadatak 2\bin\Debug\net5.0\fine-code-coverage\build-output\Microsoft.VisualStudio.TestPlatform.MSTest.TestAdapter.dll
TpTrace Verbose: 0 : 9796, 4, 2021/11/15, 14:10:04.787, 9263309884781, testhost.dll, TestPluginCache.GetExtensionPaths: Added unfilterableExtensionPaths: 
TpTrace Information: 0 : 9796, 4, 2021/11/15, 14:10:04.787, 9263309886211, testhost.dll, AssemblyResolver.AddSearchDirectories: Adding more searchDirectories C:\Users\Ehlimana\Desktop\BrowserSerija\Zadatak 2\bin\Debug\net5.0\fine-code-coverage\build-output
TpTrace Verbose: 0 : 9796, 4, 2021/11/15, 14:10:04.787, 9263309886697, testhost.dll, TestPluginCache.DiscoverTestExtensions: Discovering the extensions using extension path.
TpTrace Verbose: 0 : 9796, 4, 2021/11/15, 14:10:04.787, 9263309887059, testhost.dll, TestPluginCache.GetExtensionPaths: Filtered extension paths: 
TpTrace Verbose: 0 : 9796, 4, 2021/11/15, 14:10:04.787, 9263309887380, testhost.dll, TestPluginCache.GetExtensionPaths: Added default extension paths: C:\Users\Ehlimana\Desktop\BrowserSerija\Zadatak 2\bin\Debug\net5.0\fine-code-coverage\build-output\Microsoft.VisualStudio.TestPlatform.MSTest.TestAdapter.dll
TpTrace Verbose: 0 : 9796, 4, 2021/11/15, 14:10:04.787, 9263309887709, testhost.dll, TestPluginCache.GetExtensionPaths: Added unfilterableExtensionPaths: 
TpTrace Verbose: 0 : 9796, 4, 2021/11/15, 14:10:04.787, 9263309888050, testhost.dll, TestPluginCache.DiscoverTestExtensions: Discovering the extensions using allExtensionPaths: C:\Users\Ehlimana\Desktop\BrowserSerija\Zadatak 2\bin\Debug\net5.0\fine-code-coverage\build-output\Microsoft.VisualStudio.TestPlatform.MSTest.TestAdapter.dll
TpTrace Information: 0 : 9796, 4, 2021/11/15, 14:10:04.787, 9263309888523, testhost.dll, AssemblyResolver.AddSearchDirectories: Adding more searchDirectories C:\Users\Ehlimana\Desktop\BrowserSerija\Zadatak 2\bin\Debug\net5.0\fine-code-coverage\build-output
TpTrace Verbose: 0 : 9796, 4, 2021/11/15, 14:10:04.788, 9263309890834, testhost.dll, TestPluginCache: Discovered the extensions using extension path ''.
TpTrace Verbose: 0 : 9796, 4, 2021/11/15, 14:10:04.788, 9263309891333, testhost.dll, TestPluginCache: Discoverers are ''.
TpTrace Verbose: 0 : 9796, 4, 2021/11/15, 14:10:04.788, 9263309891682, testhost.dll, TestPluginCache: Executors are 'executor://MSTestAdapter/v2'.
TpTrace Verbose: 0 : 9796, 4, 2021/11/15, 14:10:04.788, 9263309892008, testhost.dll, TestPluginCache: Executors2 are ''.
TpTrace Verbose: 0 : 9796, 4, 2021/11/15, 14:10:04.788, 9263309892457, testhost.dll, TestPluginCache: Setting providers are ''.
TpTrace Verbose: 0 : 9796, 4, 2021/11/15, 14:10:04.788, 9263309892790, testhost.dll, TestPluginCache: Loggers are ''.
TpTrace Verbose: 0 : 9796, 4, 2021/11/15, 14:10:04.789, 9263309902191, testhost.dll, TestExecutorService: Loaded the settings providers
TpTrace Information: 0 : 9796, 4, 2021/11/15, 14:10:04.789, 9263309902958, testhost.dll, TestExecutorService: Loaded the extensions
TpTrace Information: 0 : 9796, 4, 2021/11/15, 14:10:04.868, 9263310691975, testhost.dll, TestDiscoveryManager: Discovering tests from sources C:\Users\Ehlimana\Desktop\BrowserSerija\Zadatak 2\bin\Debug\net5.0\fine-code-coverage\build-output\Zadatak 2.dll
TpTrace Verbose: 0 : 9796, 4, 2021/11/15, 14:10:04.870, 9263310718162, testhost.dll, TestPluginCache.DiscoverTestExtensions: finding test extensions in assemblies ends with: TestAdapter.dll TPluginInfo: Microsoft.VisualStudio.TestPlatform.Common.ExtensionFramework.Utilities.TestDiscovererPluginInformation TExtension: Microsoft.VisualStudio.TestPlatform.ObjectModel.Adapter.ITestDiscoverer
TpTrace Verbose: 0 : 9796, 4, 2021/11/15, 14:10:04.871, 9263310720614, testhost.dll, TestPluginCache.GetExtensionPaths: Filtered extension paths: 
TpTrace Verbose: 0 : 9796, 4, 2021/11/15, 14:10:04.871, 9263310721522, testhost.dll, TestPluginCache.GetExtensionPaths: Added default extension paths: C:\Users\Ehlimana\Desktop\BrowserSerija\Zadatak 2\bin\Debug\net5.0\fine-code-coverage\build-output\Microsoft.VisualStudio.TestPlatform.MSTest.TestAdapter.dll
TpTrace Verbose: 0 : 9796, 4, 2021/11/15, 14:10:04.871, 9263310722155, testhost.dll, TestPluginCache.GetExtensionPaths: Added unfilterableExtensionPaths: 
TpTrace Information: 0 : 9796, 4, 2021/11/15, 14:10:04.871, 9263310724168, testhost.dll, AssemblyResolver.AddSearchDirectories: Adding more searchDirectories C:\Users\Ehlimana\Desktop\BrowserSerija\Zadatak 2\bin\Debug\net5.0\fine-code-coverage\build-output
TpTrace Verbose: 0 : 9796, 4, 2021/11/15, 14:10:04.871, 9263310724956, testhost.dll, TestPluginCache.DiscoverTestExtensions: Discovering the extensions using extension path.
TpTrace Verbose: 0 : 9796, 4, 2021/11/15, 14:10:04.871, 9263310725531, testhost.dll, TestPluginCache.GetExtensionPaths: Filtered extension paths: 
TpTrace Verbose: 0 : 9796, 4, 2021/11/15, 14:10:04.871, 9263310726060, testhost.dll, TestPluginCache.GetExtensionPaths: Added default extension paths: C:\Users\Ehlimana\Desktop\BrowserSerija\Zadatak 2\bin\Debug\net5.0\fine-code-coverage\build-output\Microsoft.VisualStudio.TestPlatform.MSTest.TestAdapter.dll
TpTrace Verbose: 0 : 9796, 4, 2021/11/15, 14:10:04.871, 9263310726612, testhost.dll, TestPluginCache.GetExtensionPaths: Added unfilterableExtensionPaths: 
TpTrace Verbose: 0 : 9796, 4, 2021/11/15, 14:10:04.871, 9263310727189, testhost.dll, TestPluginCache.DiscoverTestExtensions: Discovering the extensions using allExtensionPaths: C:\Users\Ehlimana\Desktop\BrowserSerija\Zadatak 2\bin\Debug\net5.0\fine-code-coverage\build-output\Microsoft.VisualStudio.TestPlatform.MSTest.TestAdapter.dll
TpTrace Information: 0 : 9796, 4, 2021/11/15, 14:10:04.871, 9263310728177, testhost.dll, AssemblyResolver.AddSearchDirectories: Adding more searchDirectories C:\Users\Ehlimana\Desktop\BrowserSerija\Zadatak 2\bin\Debug\net5.0\fine-code-coverage\build-output
TpTrace Verbose: 0 : 9796, 4, 2021/11/15, 14:10:04.875, 9263310764086, testhost.dll, TestPluginCache: Discovered the extensions using extension path ''.
TpTrace Verbose: 0 : 9796, 4, 2021/11/15, 14:10:04.875, 9263310765707, testhost.dll, TestPluginCache: Discoverers are 'Microsoft.VisualStudio.TestPlatform.MSTest.TestAdapter.MSTestDiscoverer, Microsoft.VisualStudio.TestPlatform.MSTest.TestAdapter, Version=14.0.0.0, Culture=neutral, PublicKeyToken=b03f5f7f11d50a3a'.
TpTrace Verbose: 0 : 9796, 4, 2021/11/15, 14:10:04.875, 9263310766500, testhost.dll, TestPluginCache: Executors are 'executor://MSTestAdapter/v2'.
TpTrace Verbose: 0 : 9796, 4, 2021/11/15, 14:10:04.875, 9263310767076, testhost.dll, TestPluginCache: Executors2 are ''.
TpTrace Verbose: 0 : 9796, 4, 2021/11/15, 14:10:04.875, 9263310767579, testhost.dll, TestPluginCache: Setting providers are ''.
TpTrace Verbose: 0 : 9796, 4, 2021/11/15, 14:10:04.875, 9263310768072, testhost.dll, TestPluginCache: Loggers are ''.
TpTrace Verbose: 0 : 9796, 4, 2021/11/15, 14:10:04.885, 9263310860195, testhost.dll, BaseRunTests.RunTestInternalWithExecutors: Running tests for executor://MSTestAdapter/v2
TpTrace Information: 0 : 9796, 4, 2021/11/15, 14:10:04.885, 9263310867186, testhost.dll, AssemblyResolver.OnResolve: Microsoft.VisualStudio.TestPlatform.MSTestAdapter.PlatformServices.Interface: Resolving assembly.
TpTrace Information: 0 : 9796, 4, 2021/11/15, 14:10:04.886, 9263310879045, testhost.dll, AssemblyResolver.OnResolve: Resolved assembly: Microsoft.VisualStudio.TestPlatform.MSTestAdapter.PlatformServices.Interface, from path: C:\Users\Ehlimana\Desktop\BrowserSerija\Zadatak 2\bin\Debug\net5.0\fine-code-coverage\build-output\Microsoft.VisualStudio.TestPlatform.MSTestAdapter.PlatformServices.Interface.dll
TpTrace Information: 0 : 9796, 4, 2021/11/15, 14:10:04.888, 9263310896945, testhost.dll, AssemblyResolver.OnResolve: Microsoft.VisualStudio.TestPlatform.MSTestAdapter.PlatformServices: Resolving assembly.
TpTrace Information: 0 : 9796, 4, 2021/11/15, 14:10:04.890, 9263310913905, testhost.dll, AssemblyResolver.OnResolve: Resolved assembly: Microsoft.VisualStudio.TestPlatform.MSTestAdapter.PlatformServices, from path: C:\Users\Ehlimana\Desktop\BrowserSerija\Zadatak 2\bin\Debug\net5.0\fine-code-coverage\build-output\Microsoft.VisualStudio.TestPlatform.MSTestAdapter.PlatformServices.dll
TpTrace Information: 0 : 9796, 4, 2021/11/15, 14:10:04.891, 9263310920462, testhost.dll, MSTest - MSTestExecutor.RunTests: Running tests from sources.
TpTrace Information: 0 : 9796, 4, 2021/11/15, 14:10:04.894, 9263310954494, testhost.dll, MSTest - CollectSourceInformation value Found : False 
TpTrace Information: 0 : 9796, 4, 2021/11/15, 14:10:04.918, 9263311198509, testhost.dll, AssemblyResolver.OnResolve: Microsoft.TestPlatform.AdapterUtilities: Resolving assembly.
TpTrace Information: 0 : 9796, 4, 2021/11/15, 14:10:04.919, 9263311207792, testhost.dll, AssemblyResolver.OnResolve: Resolved assembly: Microsoft.TestPlatform.AdapterUtilities, from path: C:\Users\Ehlimana\Desktop\BrowserSerija\Zadatak 2\bin\Debug\net5.0\fine-code-coverage\build-output\Microsoft.TestPlatform.AdapterUtilities.dll
TpTrace Information: 0 : 9796, 4, 2021/11/15, 14:10:04.933, 9263311341718, testhost.dll, MSTest - MSTestDiscoverer: Found 5 tests from source C:\Users\Ehlimana\Desktop\BrowserSerija\Zadatak 2\bin\Debug\net5.0\fine-code-coverage\build-output\Zadatak 2.dll
TpTrace Information: 0 : 9796, 4, 2021/11/15, 14:10:04.954, 9263311552294, testhost.dll, AssemblyResolver.OnResolve: Microsoft.VisualStudio.TestPlatform.MSTestAdapter.PlatformServices.resources: Resolving assembly.
TpTrace Information: 0 : 9796, 4, 2021/11/15, 14:10:04.954, 9263311555047, testhost.dll, AssemblyResolver.OnResolve: Microsoft.VisualStudio.TestPlatform.MSTestAdapter.PlatformServices.resources: Failed to load assembly.
TpTrace Information: 0 : 9796, 4, 2021/11/15, 14:10:04.955, 9263311561886, testhost.dll, AssemblyResolver.OnResolve: Microsoft.VisualStudio.TestPlatform.MSTestAdapter.PlatformServices.resources: Resolving assembly.
TpTrace Information: 0 : 9796, 4, 2021/11/15, 14:10:04.955, 9263311563053, testhost.dll, AssemblyResolver.OnResolve: Microsoft.VisualStudio.TestPlatform.MSTestAdapter.PlatformServices.resources: Resolved from cache.
TpTrace Information: 0 : 9796, 4, 2021/11/15, 14:10:04.974, 9263311753839, testhost.dll, MSTest - Created unit-test runner C:\Users\Ehlimana\Desktop\BrowserSerija\Zadatak 2\bin\Debug\net5.0\fine-code-coverage\build-output\Zadatak 2.dll
TpTrace Verbose: 0 : 9796, 4, 2021/11/15, 14:10:04.980, 9263311816023, testhost.dll, TestExecutionRecorder.RecordStart: Starting test: Zadatak_2.TDD.TestZamjenskiObjekat.
TpTrace Information: 0 : 9796, 4, 2021/11/15, 14:10:05.092, 9263312934039, testhost.dll, MSTest - Executing test TestZamjenskiObjekat
TpTrace Information: 0 : 9796, 4, 2021/11/15, 14:10:05.235, 9263314360748, testhost.dll, MSTest - Executed test TestZamjenskiObjekat
TpTrace Verbose: 0 : 9796, 4, 2021/11/15, 14:10:05.248, 9263314493814, testhost.dll, TestExecutionRecorder.RecordEnd: test: Zadatak_2.TDD.TestZamjenskiObjekat execution completed.
TpTrace Verbose: 0 : 9796, 4, 2021/11/15, 14:10:05.275, 9263314760773, testhost.dll, TestExecutionRecorder.RecordResult: Received result for test: Zadatak_2.TDD.TestZamjenskiObjekat.
TpTrace Warning: 0 : 9796, 4, 2021/11/15, 14:10:05.282, 9263314839488, testhost.dll, TestRunCache: InProgressTests is null
TpTrace Warning: 0 : 9796, 4, 2021/11/15, 14:10:05.283, 9263314842660, testhost.dll, TestRunCache: No test found corresponding to testResult '' in inProgress list.
TpTrace Verbose: 0 : 9796, 4, 2021/11/15, 14:10:05.283, 9263314844371, testhost.dll, TestExecutionRecorder.RecordStart: Starting test: Zadatak_2.TDD.AutomatskoDodavanjeSvihSerija.
TpTrace Information: 0 : 9796, 4, 2021/11/15, 14:10:05.285, 9263314868954, testhost.dll, MSTest - Executing test AutomatskoDodavanjeSvihSerija
TpTrace Information: 0 : 9796, 4, 2021/11/15, 14:10:05.294, 9263314950357, testhost.dll, AssemblyResolver.OnResolve: Microsoft.VisualStudio.TestPlatform.MSTest.TestAdapter.resources: Resolving assembly.
TpTrace Information: 0 : 9796, 4, 2021/11/15, 14:10:05.294, 9263314953877, testhost.dll, AssemblyResolver.OnResolve: Microsoft.VisualStudio.TestPlatform.MSTest.TestAdapter.resources: Failed to load assembly.
TpTrace Information: 0 : 9796, 4, 2021/11/15, 14:10:05.346, 9263315473009, testhost.dll, MSTest - Executed test AutomatskoDodavanjeSvihSerija
TpTrace Verbose: 0 : 9796, 4, 2021/11/15, 14:10:05.346, 9263315475248, testhost.dll, TestExecutionRecorder.RecordEnd: test: Zadatak_2.TDD.AutomatskoDodavanjeSvihSerija execution completed.
TpTrace Information: 0 : 9796, 4, 2021/11/15, 14:10:05.348, 9263315498873, testhost.dll, MSTest - MSTestExecutor:Test Zadatak_2.TDD.AutomatskoDodavanjeSvihSerija failed. ErrorMessage:Test method Zadatak_2.TDD.AutomatskoDodavanjeSvihSerija threw exception: 
System.NotImplementedException: The method or operation is not implemented., ErrorStackTrace:    at BrowserSerija.Browser.AutomatskoDodavanjeRasporeda(Boolean samoPopularneSerije) in C:\Users\Ehlimana\Desktop\BrowserSerija\BrowserSerija\Browser.cs:line 169
   at Zadatak_2.TDD.AutomatskoDodavanjeSvihSerija() in C:\Users\Ehlimana\Desktop\BrowserSerija\Zadatak 2\TDD.cs:line 49
.
TpTrace Verbose: 0 : 9796, 4, 2021/11/15, 14:10:05.349, 9263315500448, testhost.dll, TestExecutionRecorder.RecordResult: Received result for test: Zadatak_2.TDD.AutomatskoDodavanjeSvihSerija.
TpTrace Warning: 0 : 9796, 4, 2021/11/15, 14:10:05.349, 9263315502207, testhost.dll, TestRunCache: InProgressTests is null
TpTrace Warning: 0 : 9796, 4, 2021/11/15, 14:10:05.349, 9263315502923, testhost.dll, TestRunCache: No test found corresponding to testResult '' in inProgress list.
TpTrace Verbose: 0 : 9796, 4, 2021/11/15, 14:10:05.349, 9263315503925, testhost.dll, TestExecutionRecorder.RecordStart: Starting test: Zadatak_2.TDD.AutomatskoDodavanjeSamoPopularnihSerija.
TpTrace Information: 0 : 9796, 4, 2021/11/15, 14:10:05.351, 9263315526729, testhost.dll, MSTest - Executing test AutomatskoDodavanjeSamoPopularnihSerija
TpTrace Information: 0 : 9796, 4, 2021/11/15, 14:10:05.353, 9263315547962, testhost.dll, MSTest - Executed test AutomatskoDodavanjeSamoPopularnihSerija
TpTrace Verbose: 0 : 9796, 4, 2021/11/15, 14:10:05.353, 9263315549403, testhost.dll, TestExecutionRecorder.RecordEnd: test: Zadatak_2.TDD.AutomatskoDodavanjeSamoPopularnihSerija execution completed.
TpTrace Information: 0 : 9796, 4, 2021/11/15, 14:10:05.360, 9263315617265, testhost.dll, MSTest - MSTestExecutor:Test Zadatak_2.TDD.AutomatskoDodavanjeSamoPopularnihSerija failed. ErrorMessage:Test method Zadatak_2.TDD.AutomatskoDodavanjeSamoPopularnihSerija threw exception: 
System.NotImplementedException: The method or operation is not implemented., ErrorStackTrace:    at BrowserSerija.Browser.AutomatskoDodavanjeRasporeda(Boolean samoPopularneSerije) in C:\Users\Ehlimana\Desktop\BrowserSerija\BrowserSerija\Browser.cs:line 169
   at Zadatak_2.TDD.AutomatskoDodavanjeSamoPopularnihSerija() in C:\Users\Ehlimana\Desktop\BrowserSerija\Zadatak 2\TDD.cs:line 71
.
TpTrace Verbose: 0 : 9796, 4, 2021/11/15, 14:10:05.360, 9263315618695, testhost.dll, TestExecutionRecorder.RecordResult: Received result for test: Zadatak_2.TDD.AutomatskoDodavanjeSamoPopularnihSerija.
TpTrace Warning: 0 : 9796, 4, 2021/11/15, 14:10:05.361, 9263315619634, testhost.dll, TestRunCache: InProgressTests is null
TpTrace Warning: 0 : 9796, 4, 2021/11/15, 14:10:05.361, 9263315620260, testhost.dll, TestRunCache: No test found corresponding to testResult '' in inProgress list.
TpTrace Verbose: 0 : 9796, 4, 2021/11/15, 14:10:05.361, 9263315621176, testhost.dll, TestExecutionRecorder.RecordStart: Starting test: Zadatak_2.TDD.NemogućeDodavanjeRasporeda.
TpTrace Information: 0 : 9796, 4, 2021/11/15, 14:10:05.363, 9263315643058, testhost.dll, MSTest - Executing test NemogućeDodavanjeRasporeda
TpTrace Information: 0 : 9796, 4, 2021/11/15, 14:10:05.365, 9263315668694, testhost.dll, AssemblyResolver.OnResolve: Microsoft.VisualStudio.TestPlatform.TestFramework.resources: Resolving assembly.
TpTrace Information: 0 : 9796, 4, 2021/11/15, 14:10:05.366, 9263315672671, testhost.dll, AssemblyResolver.OnResolve: Microsoft.VisualStudio.TestPlatform.TestFramework.resources: Failed to load assembly.
TpTrace Information: 0 : 9796, 4, 2021/11/15, 14:10:05.368, 9263315691683, testhost.dll, MSTest - Executed test NemogućeDodavanjeRasporeda
TpTrace Verbose: 0 : 9796, 4, 2021/11/15, 14:10:05.368, 9263315693522, testhost.dll, TestExecutionRecorder.RecordEnd: test: Zadatak_2.TDD.NemogućeDodavanjeRasporeda execution completed.
TpTrace Information: 0 : 9796, 4, 2021/11/15, 14:10:05.370, 9263315714570, testhost.dll, MSTest - MSTestExecutor:Test Zadatak_2.TDD.NemogućeDodavanjeRasporeda failed. ErrorMessage:Test method threw exception System.NotImplementedException, but exception System.ArgumentNullException was expected. Exception message: System.NotImplementedException: The method or operation is not implemented., ErrorStackTrace:   at BrowserSerija.Browser.AutomatskoDodavanjeRasporeda(Boolean samoPopularneSerije) in C:\Users\Ehlimana\Desktop\BrowserSerija\BrowserSerija\Browser.cs:line 169
   at Zadatak_2.TDD.NemogućeDodavanjeRasporeda() in C:\Users\Ehlimana\Desktop\BrowserSerija\Zadatak 2\TDD.cs:line 86
.
TpTrace Verbose: 0 : 9796, 4, 2021/11/15, 14:10:05.370, 9263315715983, testhost.dll, TestExecutionRecorder.RecordResult: Received result for test: Zadatak_2.TDD.NemogućeDodavanjeRasporeda.
TpTrace Warning: 0 : 9796, 4, 2021/11/15, 14:10:05.370, 9263315716903, testhost.dll, TestRunCache: InProgressTests is null
TpTrace Warning: 0 : 9796, 4, 2021/11/15, 14:10:05.370, 9263315717657, testhost.dll, TestRunCache: No test found corresponding to testResult '' in inProgress list.
TpTrace Verbose: 0 : 9796, 4, 2021/11/15, 14:10:05.370, 9263315718464, testhost.dll, TestExecutionRecorder.RecordStart: Starting test: Zadatak_2.TDD.NemogućeDodavanjePopularnihSerija.
TpTrace Information: 0 : 9796, 4, 2021/11/15, 14:10:05.373, 9263315739987, testhost.dll, MSTest - Executing test NemogućeDodavanjePopularnihSerija
TpTrace Information: 0 : 9796, 4, 2021/11/15, 14:10:05.374, 9263315758176, testhost.dll, MSTest - Executed test NemogućeDodavanjePopularnihSerija
TpTrace Verbose: 0 : 9796, 4, 2021/11/15, 14:10:05.375, 9263315759925, testhost.dll, TestExecutionRecorder.RecordEnd: test: Zadatak_2.TDD.NemogućeDodavanjePopularnihSerija execution completed.
TpTrace Information: 0 : 9796, 4, 2021/11/15, 14:10:05.377, 9263315787411, testhost.dll, MSTest - MSTestExecutor:Test Zadatak_2.TDD.NemogućeDodavanjePopularnihSerija failed. ErrorMessage:Test method threw exception System.NotImplementedException, but exception System.InvalidOperationException was expected. Exception message: System.NotImplementedException: The method or operation is not implemented., ErrorStackTrace:   at BrowserSerija.Browser.AutomatskoDodavanjeRasporeda(Boolean samoPopularneSerije) in C:\Users\Ehlimana\Desktop\BrowserSerija\BrowserSerija\Browser.cs:line 169
   at Zadatak_2.TDD.NemogućeDodavanjePopularnihSerija() in C:\Users\Ehlimana\Desktop\BrowserSerija\Zadatak 2\TDD.cs:line 102
.
TpTrace Verbose: 0 : 9796, 4, 2021/11/15, 14:10:05.378, 9263315796501, testhost.dll, TestExecutionRecorder.RecordResult: Received result for test: Zadatak_2.TDD.NemogućeDodavanjePopularnihSerija.
TpTrace Warning: 0 : 9796, 4, 2021/11/15, 14:10:05.378, 9263315797886, testhost.dll, TestRunCache: InProgressTests is null
TpTrace Warning: 0 : 9796, 4, 2021/11/15, 14:10:05.378, 9263315798583, testhost.dll, TestRunCache: No test found corresponding to testResult '' in inProgress list.
TpTrace Information: 0 : 9796, 4, 2021/11/15, 14:10:05.379, 9263315801470, testhost.dll, MSTest - Executing cleanup methods.
TpTrace Information: 0 : 9796, 4, 2021/11/15, 14:10:05.381, 9263315828215, testhost.dll, MSTest - Executed cleanup methods.
TpTrace Information: 0 : 9796, 4, 2021/11/15, 14:10:05.381, 9263315829573, testhost.dll, MSTest - Executed tests belonging to source C:\Users\Ehlimana\Desktop\BrowserSerija\Zadatak 2\bin\Debug\net5.0\fine-code-coverage\build-output\Zadatak 2.dll
TpTrace Verbose: 0 : 9796, 4, 2021/11/15, 14:10:05.382, 9263315837823, testhost.dll, BaseRunTests.RunTestInternalWithExecutors: Completed running tests for executor://MSTestAdapter/v2
TpTrace Information: 0 : 9796, 4, 2021/11/15, 14:10:05.388, 9263315898266, testhost.dll, Sending test run complete
TpTrace Verbose: 0 : 9796, 4, 2021/11/15, 14:10:05.470, 9263316714055, testhost.dll, TestRequestHandler.SendData:  sending data from testhost: {"Version":5,"MessageType":"TestExecution.Completed","Payload":{"TestRunCompleteArgs":{"TestRunStatistics":{"ExecutedTests":5,"Stats":{"Passed":1,"Failed":4}},"IsCanceled":false,"IsAborted":false,"Error":null,"AttachmentSets":[],"ElapsedTimeInRunningTests":"00:00:00.5048909","Metrics":{}},"LastRunTests":{"NewTestResults":[{"TestCase":{"Id":"cd075b4d-61b2-de77-403b-0cfb69a56f47","FullyQualifiedName":"Zadatak_2.TDD.TestZamjenskiObjekat","DisplayName":"TestZamjenskiObjekat","ExecutorUri":"executor://MSTestAdapter/v2","Source":"C:\\Users\\Ehlimana\\Desktop\\BrowserSerija\\Zadatak 2\\bin\\Debug\\net5.0\\fine-code-coverage\\build-output\\Zadatak 2.dll","CodeFilePath":null,"LineNumber":-1,"Properties":[{"Key":{"Id":"TestCase.ManagedType","Label":"ManagedType","Category":"","Description":"","Attributes":1,"ValueType":"System.String"},"Value":"Zadatak_2.TDD"},{"Key":{"Id":"TestCase.ManagedMethod","Label":"ManagedMethod","Category":"","Description":"","Attributes":1,"ValueType":"System.String"},"Value":"TestZamjenskiObjekat"},{"Key":{"Id":"MSTestDiscoverer.TestClassName","Label":"ClassName","Category":"","Description":"","Attributes":1,"ValueType":"System.String"},"Value":"Zadatak_2.TDD"},{"Key":{"Id":"TestObject.Traits","Label":"Traits","Category":"","Description":"","Attributes":5,"ValueType":"System.Collections.Generic.KeyValuePair`2[[System.String],[System.String]][]"},"Value":[]}]},"Attachments":[],"Outcome":1,"ErrorMessage":null,"ErrorStackTrace":null,"DisplayName":null,"Messages":[],"ComputerName":null,"Duration":"00:00:00.0597201","StartTime":"2021-11-15T14:10:05.0922809+01:00","EndTime":"2021-11-15T14:10:05.2352568+01:00","Properties":[{"Key":{"Id":"ExecutionId","Label":"ExecutionId","Category":"","Description":"","Attributes":1,"ValueType":"System.Guid"},"Value":"00000000-0000-0000-0000-000000000000"},{"Key":{"Id":"ParentExecId","Label":"ParentExecId","Category":"","Description":"","Attributes":1,"ValueType":"System.Guid"},"Value":"00000000-0000-0000-0000-000000000000"},{"Key":{"Id":"InnerResultsCount","Label":"InnerResultsCount","Category":"","Description":"","Attributes":1,"ValueType":"System.Int32"},"Value":0}]},{"TestCase":{"Id":"a532475d-2df5-497e-41c6-bba3f6533180","FullyQualifiedName":"Zadatak_2.TDD.AutomatskoDodavanjeSvihSerija","DisplayName":"AutomatskoDodavanjeSvihSerija","ExecutorUri":"executor://MSTestAdapter/v2","Source":"C:\\Users\\Ehlimana\\Desktop\\BrowserSerija\\Zadatak 2\\bin\\Debug\\net5.0\\fine-code-coverage\\build-output\\Zadatak 2.dll","CodeFilePath":null,"LineNumber":-1,"Properties":[{"Key":{"Id":"TestCase.ManagedType","Label":"ManagedType","Category":"","Description":"","Attributes":1,"ValueType":"System.String"},"Value":"Zadatak_2.TDD"},{"Key":{"Id":"TestCase.ManagedMethod","Label":"ManagedMethod","Category":"","Description":"","Attributes":1,"ValueType":"System.String"},"Value":"AutomatskoDodavanjeSvihSerija"},{"Key":{"Id":"MSTestDiscoverer.TestClassName","Label":"ClassName","Category":"","Description":"","Attributes":1,"ValueType":"System.String"},"Value":"Zadatak_2.TDD"},{"Key":{"Id":"TestObject.Traits","Label":"Traits","Category":"","Description":"","Attributes":5,"ValueType":"System.Collections.Generic.KeyValuePair`2[[System.String],[System.String]][]"},"Value":[]}]},"Attachments":[],"Outcome":2,"ErrorMessage":"Test method Zadatak_2.TDD.AutomatskoDodavanjeSvihSerija threw exception: \r\nSystem.NotImplementedException: The method or operation is not implemented.","ErrorStackTrace":"    at BrowserSerija.Browser.AutomatskoDodavanjeRasporeda(Boolean samoPopularneSerije) in C:\\Users\\Ehlimana\\Desktop\\BrowserSerija\\BrowserSerija\\Browser.cs:line 169\r\n   at Zadatak_2.TDD.AutomatskoDodavanjeSvihSerija() in C:\\Users\\Ehlimana\\Desktop\\BrowserSerija\\Zadatak 2\\TDD.cs:line 49\r\n","DisplayName":null,"Messages":[],"ComputerName":null,"Duration":"00:00:00.0591902","StartTime":"2021-11-15T14:10:05.2859169+01:00","EndTime":"2021-11-15T14:10:05.3465093+01:00","Properties":[{"Key":{"Id":"ExecutionId","Label":"ExecutionId","Category":"","Description":"","Attributes":1,"ValueType":"System.Guid"},"Value":"00000000-0000-0000-0000-000000000000"},{"Key":{"Id":"ParentExecId","Label":"ParentExecId","Category":"","Description":"","Attributes":1,"ValueType":"System.Guid"},"Value":"00000000-0000-0000-0000-000000000000"},{"Key":{"Id":"InnerResultsCount","Label":"InnerResultsCount","Category":"","Description":"","Attributes":1,"ValueType":"System.Int32"},"Value":0}]},{"TestCase":{"Id":"8c8197ea-f886-5d89-85a2-f80622a1c4e3","FullyQualifiedName":"Zadatak_2.TDD.AutomatskoDodavanjeSamoPopularnihSerija","DisplayName":"AutomatskoDodavanjeSamoPopularnihSerija","ExecutorUri":"executor://MSTestAdapter/v2","Source":"C:\\Users\\Ehlimana\\Desktop\\BrowserSerija\\Zadatak 2\\bin\\Debug\\net5.0\\fine-code-coverage\\build-output\\Zadatak 2.dll","CodeFilePath":null,"LineNumber":-1,"Properties":[{"Key":{"Id":"TestCase.ManagedType","Label":"ManagedType","Category":"","Description":"","Attributes":1,"ValueType":"System.String"},"Value":"Zadatak_2.TDD"},{"Key":{"Id":"TestCase.ManagedMethod","Label":"ManagedMethod","Category":"","Description":"","Attributes":1,"ValueType":"System.String"},"Value":"AutomatskoDodavanjeSamoPopularnihSerija"},{"Key":{"Id":"MSTestDiscoverer.TestClassName","Label":"ClassName","Category":"","Description":"","Attributes":1,"ValueType":"System.String"},"Value":"Zadatak_2.TDD"},{"Key":{"Id":"TestObject.Traits","Label":"Traits","Category":"","Description":"","Attributes":5,"ValueType":"System.Collections.Generic.KeyValuePair`2[[System.String],[System.String]][]"},"Value":[]}]},"Attachments":[],"Outcome":2,"ErrorMessage":"Test method Zadatak_2.TDD.AutomatskoDodavanjeSamoPopularnihSerija threw exception: \r\nSystem.NotImplementedException: The method or operation is not implemented.","ErrorStackTrace":"    at BrowserSerija.Browser.AutomatskoDodavanjeRasporeda(Boolean samoPopularneSerije) in C:\\Users\\Ehlimana\\Desktop\\BrowserSerija\\BrowserSerija\\Browser.cs:line 169\r\n   at Zadatak_2.TDD.AutomatskoDodavanjeSamoPopularnihSerija() in C:\\Users\\Ehlimana\\Desktop\\BrowserSerija\\Zadatak 2\\TDD.cs:line 71\r\n","DisplayName":null,"Messages":[],"ComputerName":null,"Duration":"00:00:00.0017437","StartTime":"2021-11-15T14:10:05.351694+01:00","EndTime":"2021-11-15T14:10:05.3539619+01:00","Properties":[{"Key":{"Id":"ExecutionId","Label":"ExecutionId","Category":"","Description":"","Attributes":1,"ValueType":"System.Guid"},"Value":"00000000-0000-0000-0000-000000000000"},{"Key":{"Id":"ParentExecId","Label":"ParentExecId","Category":"","Description":"","Attributes":1,"ValueType":"System.Guid"},"Value":"00000000-0000-0000-0000-000000000000"},{"Key":{"Id":"InnerResultsCount","Label":"InnerResultsCount","Category":"","Description":"","Attributes":1,"ValueType":"System.Int32"},"Value":0}]},{"TestCase":{"Id":"b0f79415-0758-fec6-70dc-1d5913218344","FullyQualifiedName":"Zadatak_2.TDD.NemogućeDodavanjeRasporeda","DisplayName":"NemogućeDodavanjeRasporeda","ExecutorUri":"executor://MSTestAdapter/v2","Source":"C:\\Users\\Ehlimana\\Desktop\\BrowserSerija\\Zadatak 2\\bin\\Debug\\net5.0\\fine-code-coverage\\build-output\\Zadatak 2.dll","CodeFilePath":null,"LineNumber":-1,"Properties":[{"Key":{"Id":"TestCase.ManagedType","Label":"ManagedType","Category":"","Description":"","Attributes":1,"ValueType":"System.String"},"Value":"Zadatak_2.TDD"},{"Key":{"Id":"TestCase.ManagedMethod","Label":"ManagedMethod","Category":"","Description":"","Attributes":1,"ValueType":"System.String"},"Value":"NemogućeDodavanjeRasporeda"},{"Key":{"Id":"MSTestDiscoverer.TestClassName","Label":"ClassName","Category":"","Description":"","Attributes":1,"ValueType":"System.String"},"Value":"Zadatak_2.TDD"},{"Key":{"Id":"TestObject.Traits","Label":"Traits","Category":"","Description":"","Attributes":5,"ValueType":"System.Collections.Generic.KeyValuePair`2[[System.String],[System.String]][]"},"Value":[]}]},"Attachments":[],"Outcome":2,"ErrorMessage":"Test method threw exception System.NotImplementedException, but exception System.ArgumentNullException was expected. Exception message: System.NotImplementedException: The method or operation is not implemented.","ErrorStackTrace":"   at BrowserSerija.Browser.AutomatskoDodavanjeRasporeda(Boolean samoPopularneSerije) in C:\\Users\\Ehlimana\\Desktop\\BrowserSerija\\BrowserSerija\\Browser.cs:line 169\r\n   at Zadatak_2.TDD.NemogućeDodavanjeRasporeda() in C:\\Users\\Ehlimana\\Desktop\\BrowserSerija\\Zadatak 2\\TDD.cs:line 86\r\n","DisplayName":null,"Messages":[],"ComputerName":null,"Duration":"00:00:00.0043621","StartTime":"2021-11-15T14:10:05.3633013+01:00","EndTime":"2021-11-15T14:10:05.3683678+01:00","Properties":[{"Key":{"Id":"ExecutionId","Label":"ExecutionId","Category":"","Description":"","Attributes":1,"ValueType":"System.Guid"},"Value":"00000000-0000-0000-0000-000000000000"},{"Key":{"Id":"ParentExecId","Label":"ParentExecId","Category":"","Description":"","Attributes":1,"ValueType":"System.Guid"},"Value":"00000000-0000-0000-0000-000000000000"},{"Key":{"Id":"InnerResultsCount","Label":"InnerResultsCount","Category":"","Description":"","Attributes":1,"ValueType":"System.Int32"},"Value":0}]},{"TestCase":{"Id":"91807239-b5df-8025-6083-e606c8fe4582","FullyQualifiedName":"Zadatak_2.TDD.NemogućeDodavanjePopularnihSerija","DisplayName":"NemogućeDodavanjePopularnihSerija","ExecutorUri":"executor://MSTestAdapter/v2","Source":"C:\\Users\\Ehlimana\\Desktop\\BrowserSerija\\Zadatak 2\\bin\\Debug\\net5.0\\fine-code-coverage\\build-output\\Zadatak 2.dll","CodeFilePath":null,"LineNumber":-1,"Properties":[{"Key":{"Id":"TestCase.ManagedType","Label":"ManagedType","Category":"","Description":"","Attributes":1,"ValueType":"System.String"},"Value":"Zadatak_2.TDD"},{"Key":{"Id":"TestCase.ManagedMethod","Label":"ManagedMethod","Category":"","Description":"","Attributes":1,"ValueType":"System.String"},"Value":"NemogućeDodavanjePopularnihSerija"},{"Key":{"Id":"MSTestDiscoverer.TestClassName","Label":"ClassName","Category":"","Description":"","Attributes":1,"ValueType":"System.String"},"Value":"Zadatak_2.TDD"},{"Key":{"Id":"TestObject.Traits","Label":"Traits","Category":"","Description":"","Attributes":5,"ValueType":"System.Collections.Generic.KeyValuePair`2[[System.String],[System.String]][]"},"Value":[]}]},"Attachments":[],"Outcome":2,"ErrorMessage":"Test method threw exception System.NotImplementedException, but exception System.InvalidOperationException was expected. Exception message: System.NotImplementedException: The method or operation is not implemented.","ErrorStackTrace":"   at BrowserSerija.Browser.AutomatskoDodavanjeRasporeda(Boolean samoPopularneSerije) in C:\\Users\\Ehlimana\\Desktop\\BrowserSerija\\BrowserSerija\\Browser.cs:line 169\r\n   at Zadatak_2.TDD.NemogućeDodavanjePopularnihSerija() in C:\\Users\\Ehlimana\\Desktop\\BrowserSerija\\Zadatak 2\\TDD.cs:line 102\r\n","DisplayName":null,"Messages":[],"ComputerName":null,"Duration":"00:00:00.0013335","StartTime":"2021-11-15T14:10:05.3730219+01:00","EndTime":"2021-11-15T14:10:05.3749939+01:00","Properties":[{"Key":{"Id":"ExecutionId","Label":"ExecutionId","Category":"","Description":"","Attributes":1,"ValueType":"System.Guid"},"Value":"00000000-0000-0000-0000-000000000000"},{"Key":{"Id":"ParentExecId","Label":"ParentExecId","Category":"","Description":"","Attributes":1,"ValueType":"System.Guid"},"Value":"00000000-0000-0000-0000-000000000000"},{"Key":{"Id":"InnerResultsCount","Label":"InnerResultsCount","Category":"","Description":"","Attributes":1,"ValueType":"System.Int32"},"Value":0}]}],"TestRunStatistics":{"ExecutedTests":5,"Stats":{"Passed":1,"Failed":4}},"ActiveTests":[]},"RunAttachments":[],"ExecutorUris":["executor://mstestadapter/v2"]}}
TpTrace Verbose: 0 : 9796, 4, 2021/11/15, 14:10:05.471, 9263316723603, testhost.dll, BaseRunTests.RunTests: Run is complete.
TpTrace Verbose: 0 : 9796, 5, 2021/11/15, 14:10:05.476, 9263316774672, testhost.dll, TcpClientExtensions.MessageLoopAsync: NotifyDataAvailable remoteEndPoint: [::ffff:127.0.0.1]:61758 localEndPoint: [::ffff:127.0.0.1]:61759
TpTrace Information: 0 : 9796, 5, 2021/11/15, 14:10:05.476, 9263316777639, testhost.dll, TestRequestHandler.ProcessRequests: received message: (TestSession.Terminate) -> null
TpTrace Information: 0 : 9796, 5, 2021/11/15, 14:10:05.476, 9263316778492, testhost.dll, Session End message received from server. Closing the connection.
TpTrace Information: 0 : 9796, 5, 2021/11/15, 14:10:05.477, 9263316783544, testhost.dll, SocketClient.Stop: Stop communication from server endpoint: 127.0.0.1:061758
TpTrace Information: 0 : 9796, 5, 2021/11/15, 14:10:05.477, 9263316784526, testhost.dll, SocketClient: Stop: Cancellation requested. Stopping message loop.
TpTrace Verbose: 0 : 9796, 5, 2021/11/15, 14:10:05.477, 9263316787177, testhost.dll, LengthPrefixCommunicationChannel.Dispose: Dispose reader and writer.
TpTrace Information: 0 : 9796, 5, 2021/11/15, 14:10:05.477, 9263316788179, testhost.dll, Closing the connection !
TpTrace Information: 0 : 9796, 5, 2021/11/15, 14:10:05.478, 9263316791211, testhost.dll, SocketClient.PrivateStop: Stop communication from server endpoint: 127.0.0.1:061758, error:
TpTrace Information: 0 : 9796, 1, 2021/11/15, 14:10:05.478, 9263316796610, testhost.dll, Closing the connection !
TpTrace Verbose: 0 : 9796, 5, 2021/11/15, 14:10:05.478, 9263316796567, testhost.dll, LengthPrefixCommunicationChannel.Dispose: Dispose reader and writer.
TpTrace Information: 0 : 9796, 1, 2021/11/15, 14:10:05.478, 9263316797738, testhost.dll, SocketClient.Stop: Stop communication from server endpoint: 127.0.0.1:061758
TpTrace Verbose: 0 : 9796, 5, 2021/11/15, 14:10:05.478, 9263316798382, testhost.dll, TcpClientExtensions.MessageLoopAsync: exiting MessageLoopAsync remoteEndPoint: [::ffff:127.0.0.1]:61758 localEndPoint: [::ffff:127.0.0.1]:61759
TpTrace Verbose: 0 : 9796, 1, 2021/11/15, 14:10:05.478, 9263316799028, testhost.dll, LengthPrefixCommunicationChannel.Dispose: Dispose reader and writer.
TpTrace Information: 0 : 9796, 1, 2021/11/15, 14:10:05.479, 9263316801151, testhost.dll, Testhost process exiting.
