TpTrace Verbose: 0 : 12720, 1, 2021/11/15, 13:05:13.034, 9224392434951, testhost.dll, Version: 16.9.4
TpTrace Information: 0 : 12720, 1, 2021/11/15, 13:05:13.050, 9224392510311, testhost.dll, DefaultEngineInvoker.Invoke: Testhost process started with args :[--port, 62606],[--endpoint, 127.0.0.1:062606],[--role, client],[--parentprocessid, 16720],[--diag, C:\Users\Ehlimana\Desktop\ZivotinjskaFarma\Zadatak 2\bin\Debug\net5.0\fine-code-coverage\coverage-tool-output\diagnostics.host.21-11-15_13-05-12_74779_5.log],[--tracelevel, 4],[--datacollectionport, 62605],[--telemetryoptedin, false]
TpTrace Information: 0 : 12720, 1, 2021/11/15, 13:05:13.052, 9224392532688, testhost.dll, Setting up debug trace listener.
TpTrace Verbose: 0 : 12720, 1, 2021/11/15, 13:05:13.052, 9224392535874, testhost.dll, TestPlatformTraceListener.Setup: Replacing listener 0 with TestHostTraceListener.
TpTrace Verbose: 0 : 12720, 1, 2021/11/15, 13:05:13.052, 9224392536709, testhost.dll, TestPlatformTraceListener.Setup: Added test platform trace listener.
TpTrace Information: 0 : 12720, 1, 2021/11/15, 13:05:13.053, 9224392549384, testhost.dll, DefaultEngineInvoker.SetParentProcessExitCallback: Monitoring parent process with id: '16720'
TpTrace Information: 0 : 12720, 1, 2021/11/15, 13:05:13.064, 9224392655706, testhost.dll, DefaultEngineInvoker.GetConnectionInfo: Initialize communication on endpoint address: '127.0.0.1:062606'
TpTrace Information: 0 : 12720, 1, 2021/11/15, 13:05:13.087, 9224392886262, testhost.dll, SocketClient.Start: connecting to server endpoint: 127.0.0.1:062606
TpTrace Information: 0 : 12720, 1, 2021/11/15, 13:05:13.098, 9224392992085, testhost.dll, DefaultEngineInvoker.ConnectToDatacollector: Connecting to datacollector, port: 62605
TpTrace Information: 0 : 12720, 5, 2021/11/15, 13:05:13.099, 9224393005639, testhost.dll, SocketClient.OnServerConnected: connected to server endpoint: 127.0.0.1:062606
TpTrace Verbose: 0 : 12720, 5, 2021/11/15, 13:05:13.102, 9224393030658, testhost.dll, Connected to server, and starting MessageLoopAsync
TpTrace Information: 0 : 12720, 1, 2021/11/15, 13:05:13.102, 9224393036087, testhost.dll, Trying to connect to server on socket : 127.0.0.1:62605 
TpTrace Verbose: 0 : 12720, 1, 2021/11/15, 13:05:13.103, 9224393040572, testhost.dll, SocketCommunicationManager : SetupClientAsync : Attempting to connect to the server.
TpTrace Information: 0 : 12720, 9, 2021/11/15, 13:05:13.105, 9224393066439, testhost.dll, Connected to the server successfully 
TpTrace Information: 0 : 12720, 9, 2021/11/15, 13:05:13.105, 9224393067897, testhost.dll, Using the buffer size of 16384 bytes
TpTrace Verbose: 0 : 12720, 5, 2021/11/15, 13:05:13.105, 9224393068292, testhost.dll, TcpClientExtensions.MessageLoopAsync: Polling on remoteEndPoint: [::ffff:127.0.0.1]:62606 localEndPoint: [::ffff:127.0.0.1]:62607
TpTrace Verbose: 0 : 12720, 5, 2021/11/15, 13:05:13.106, 9224393072537, testhost.dll, TcpClientExtensions.MessageLoopAsync: NotifyDataAvailable remoteEndPoint: [::ffff:127.0.0.1]:62606 localEndPoint: [::ffff:127.0.0.1]:62607
TpTrace Information: 0 : 12720, 1, 2021/11/15, 13:05:13.106, 9224393075202, testhost.dll, DefaultEngineInvoker.Invoke: Start Request Processing.
TpTrace Information: 0 : 12720, 11, 2021/11/15, 13:05:13.107, 9224393088732, testhost.dll, DefaultEngineInvoker.StartProcessingAsync: Connected to vstest.console, Starting process requests.
TpTrace Information: 0 : 12720, 5, 2021/11/15, 13:05:13.264, 9224394651235, testhost.dll, TestRequestHandler.ProcessRequests: received message: (ProtocolVersion) -> 5
TpTrace Verbose: 0 : 12720, 5, 2021/11/15, 13:05:13.301, 9224395027029, testhost.dll, TestRequestHandler.SendData:  sending data from testhost: {"Version":5,"MessageType":"TestSession.Message","Payload":{"MessageLevel":0,"Message":"Logging TestHost Diagnostics in file: C:\\Users\\Ehlimana\\Desktop\\ZivotinjskaFarma\\Zadatak 2\\bin\\Debug\\net5.0\\fine-code-coverage\\coverage-tool-output\\diagnostics.host.21-11-15_13-05-12_74779_5.log"}}
TpTrace Verbose: 0 : 12720, 5, 2021/11/15, 13:05:13.302, 9224395030057, testhost.dll, TcpClientExtensions.MessageLoopAsync: Polling on remoteEndPoint: [::ffff:127.0.0.1]:62606 localEndPoint: [::ffff:127.0.0.1]:62607
TpTrace Verbose: 0 : 12720, 5, 2021/11/15, 13:05:13.302, 9224395032294, testhost.dll, TcpClientExtensions.MessageLoopAsync: NotifyDataAvailable remoteEndPoint: [::ffff:127.0.0.1]:62606 localEndPoint: [::ffff:127.0.0.1]:62607
TpTrace Information: 0 : 12720, 5, 2021/11/15, 13:05:13.308, 9224395089995, testhost.dll, TestRequestHandler.ProcessRequests: received message: (TestExecution.Initialize) -> [
  "C:\\Users\\Ehlimana\\Desktop\\ZivotinjskaFarma\\Zadatak 2\\bin\\Debug\\net5.0\\fine-code-coverage\\build-output\\Microsoft.VisualStudio.TestPlatform.MSTest.TestAdapter.dll"
]
TpTrace Information: 0 : 12720, 5, 2021/11/15, 13:05:13.308, 9224395091650, testhost.dll, Execution Session Initialize.
TpTrace Verbose: 0 : 12720, 5, 2021/11/15, 13:05:13.316, 9224395173205, testhost.dll, TcpClientExtensions.MessageLoopAsync: Polling on remoteEndPoint: [::ffff:127.0.0.1]:62606 localEndPoint: [::ffff:127.0.0.1]:62607
TpTrace Verbose: 0 : 12720, 5, 2021/11/15, 13:05:13.316, 9224395175262, testhost.dll, TcpClientExtensions.MessageLoopAsync: NotifyDataAvailable remoteEndPoint: [::ffff:127.0.0.1]:62606 localEndPoint: [::ffff:127.0.0.1]:62607
TpTrace Verbose: 0 : 12720, 4, 2021/11/15, 13:05:13.319, 9224395200235, testhost.dll, TestExecutorService: Loading the extensions
TpTrace Information: 0 : 12720, 5, 2021/11/15, 13:05:13.320, 9224395210245, testhost.dll, TestRequestHandler.ProcessRequests: received message: (TestExecution.StartWithSources) -> {
  "AdapterSourceMap": {
    "_none_": [
      "C:\\Users\\Ehlimana\\Desktop\\ZivotinjskaFarma\\Zadatak 2\\bin\\Debug\\net5.0\\fine-code-coverage\\build-output\\Zadatak 2.dll"
    ]
  },
  "RunSettings": "<RunSettings>\r\n  <RunConfiguration>\r\n    <ResultsDirectory>C:\\Users\\Ehlimana\\Desktop\\ZivotinjskaFarma\\Zadatak 2\\bin\\Debug\\net5.0\\fine-code-coverage\\coverage-tool-output</ResultsDirectory>\r\n    <TargetPlatform>X64</TargetPlatform>\r\n    <TargetFrameworkVersion>.NETCoreApp,Version=v5.0</TargetFrameworkVersion>\r\n    <DesignMode>False</DesignMode>\r\n    <CollectSourceInformation>False</CollectSourceInformation>\r\n  </RunConfiguration>\r\n  <LoggerRunSettings>\r\n    <Loggers>\r\n      <Logger friendlyName=\"blame\" enabled=\"True\" />\r\n      <Logger friendlyName=\"Console\" uri=\"logger://microsoft/TestPlatform/ConsoleLogger/v1\" assemblyQualifiedName=\"Microsoft.VisualStudio.TestPlatform.CommandLine.Internal.ConsoleLogger, vstest.console, Version=15.0.0.0, Culture=neutral, PublicKeyToken=b03f5f7f11d50a3a\" codeBase=\"C:\\Program Files\\dotnet\\sdk\\6.0.100\\vstest.console.dll\" enabled=\"True\" />\r\n    </Loggers>\r\n  </LoggerRunSettings>\r\n  <DataCollectionRunSettings>\r\n    <DataCollectors>\r\n      <DataCollector friendlyName=\"blame\" enabled=\"True\">\r\n        <Configuration>\r\n          <ResultsDirectory>C:\\Users\\Ehlimana\\Desktop\\ZivotinjskaFarma\\Zadatak 2\\bin\\Debug\\net5.0\\fine-code-coverage\\coverage-tool-output</ResultsDirectory>\r\n        </Configuration>\r\n      </DataCollector>\r\n    </DataCollectors>\r\n  </DataCollectionRunSettings>\r\n</RunSettings>",
  "TestExecutionContext": {
    "FrequencyOfRunStatsChangeEvent": 10,
    "RunStatsChangeEventTimeout": "00:00:01.5000000",
    "InIsolation": false,
    "KeepAlive": false,
    "AreTestCaseLevelEventsRequired": false,
    "IsDebug": false,
    "TestCaseFilter": null,
    "FilterOptions": null
  },
  "Package": null
}
TpTrace Information: 0 : 12720, 5, 2021/11/15, 13:05:13.320, 9224395212711, testhost.dll, Execution started.
TpTrace Verbose: 0 : 12720, 4, 2021/11/15, 13:05:13.322, 9224395230079, testhost.dll, TestPluginCache.DiscoverTestExtensions: finding test extensions in assemblies ends with: TestAdapter.dll TPluginInfo: Microsoft.VisualStudio.TestPlatform.Common.ExtensionFramework.Utilities.TestExecutorPluginInformation TExtension: Microsoft.VisualStudio.TestPlatform.ObjectModel.Adapter.ITestExecutor
TpTrace Verbose: 0 : 12720, 4, 2021/11/15, 13:05:13.323, 9224395248117, testhost.dll, TestPluginCache.GetExtensionPaths: Filtered extension paths: 
TpTrace Verbose: 0 : 12720, 4, 2021/11/15, 13:05:13.324, 9224395255343, testhost.dll, TestPluginCache.GetExtensionPaths: Added default extension paths: C:\Users\Ehlimana\Desktop\ZivotinjskaFarma\Zadatak 2\bin\Debug\net5.0\fine-code-coverage\build-output\Microsoft.VisualStudio.TestPlatform.MSTest.TestAdapter.dll
TpTrace Verbose: 0 : 12720, 4, 2021/11/15, 13:05:13.324, 9224395256531, testhost.dll, TestPluginCache.GetExtensionPaths: Added unfilterableExtensionPaths: 
TpTrace Information: 0 : 12720, 4, 2021/11/15, 13:05:13.327, 9224395289529, testhost.dll, AssemblyResolver.ctor: Creating AssemblyResolver with searchDirectories C:\Users\Ehlimana\Desktop\ZivotinjskaFarma\Zadatak 2\bin\Debug\net5.0\fine-code-coverage\build-output
TpTrace Verbose: 0 : 12720, 4, 2021/11/15, 13:05:13.331, 9224395320522, testhost.dll, TestPluginCache.DiscoverTestExtensions: Discovering the extensions using extension path.
TpTrace Verbose: 0 : 12720, 4, 2021/11/15, 13:05:13.331, 9224395322917, testhost.dll, TestPluginCache.GetExtensionPaths: Filtered extension paths: 
TpTrace Verbose: 0 : 12720, 4, 2021/11/15, 13:05:13.331, 9224395323917, testhost.dll, TestPluginCache.GetExtensionPaths: Added default extension paths: C:\Users\Ehlimana\Desktop\ZivotinjskaFarma\Zadatak 2\bin\Debug\net5.0\fine-code-coverage\build-output\Microsoft.VisualStudio.TestPlatform.MSTest.TestAdapter.dll
TpTrace Verbose: 0 : 12720, 4, 2021/11/15, 13:05:13.331, 9224395324475, testhost.dll, TestPluginCache.GetExtensionPaths: Added unfilterableExtensionPaths: 
TpTrace Verbose: 0 : 12720, 4, 2021/11/15, 13:05:13.331, 9224395325679, testhost.dll, TestPluginCache.DiscoverTestExtensions: Discovering the extensions using allExtensionPaths: C:\Users\Ehlimana\Desktop\ZivotinjskaFarma\Zadatak 2\bin\Debug\net5.0\fine-code-coverage\build-output\Microsoft.VisualStudio.TestPlatform.MSTest.TestAdapter.dll
TpTrace Information: 0 : 12720, 4, 2021/11/15, 13:05:13.333, 9224395341083, testhost.dll, AssemblyResolver.AddSearchDirectories: Adding more searchDirectories C:\Users\Ehlimana\Desktop\ZivotinjskaFarma\Zadatak 2\bin\Debug\net5.0\fine-code-coverage\build-output
TpTrace Information: 0 : 12720, 4, 2021/11/15, 13:05:13.339, 9224395407124, testhost.dll, AssemblyResolver.OnResolve: Microsoft.VisualStudio.TestPlatform.MSTest.TestAdapter: Resolving assembly.
TpTrace Information: 0 : 12720, 4, 2021/11/15, 13:05:13.341, 9224395429153, testhost.dll, AssemblyResolver.OnResolve: Resolved assembly: Microsoft.VisualStudio.TestPlatform.MSTest.TestAdapter, from path: C:\Users\Ehlimana\Desktop\ZivotinjskaFarma\Zadatak 2\bin\Debug\net5.0\fine-code-coverage\build-output\Microsoft.VisualStudio.TestPlatform.MSTest.TestAdapter.dll
TpTrace Verbose: 0 : 12720, 4, 2021/11/15, 13:05:13.355, 9224395562819, testhost.dll, TestPluginCache: Discovered the extensions using extension path ''.
TpTrace Verbose: 0 : 12720, 4, 2021/11/15, 13:05:13.356, 9224395569908, testhost.dll, TestPluginCache: Discoverers are ''.
TpTrace Verbose: 0 : 12720, 4, 2021/11/15, 13:05:13.356, 9224395571379, testhost.dll, TestPluginCache: Executors are 'executor://MSTestAdapter/v2'.
TpTrace Verbose: 0 : 12720, 4, 2021/11/15, 13:05:13.356, 9224395572477, testhost.dll, TestPluginCache: Executors2 are ''.
TpTrace Verbose: 0 : 12720, 4, 2021/11/15, 13:05:13.356, 9224395573449, testhost.dll, TestPluginCache: Setting providers are ''.
TpTrace Verbose: 0 : 12720, 4, 2021/11/15, 13:05:13.356, 9224395574400, testhost.dll, TestPluginCache: Loggers are ''.
TpTrace Verbose: 0 : 12720, 5, 2021/11/15, 13:05:13.358, 9224395592232, testhost.dll, TcpClientExtensions.MessageLoopAsync: Polling on remoteEndPoint: [::ffff:127.0.0.1]:62606 localEndPoint: [::ffff:127.0.0.1]:62607
TpTrace Verbose: 0 : 12720, 4, 2021/11/15, 13:05:13.361, 9224395628055, testhost.dll, TestPluginCache.DiscoverTestExtensions: finding test extensions in assemblies ends with: TestAdapter.dll TPluginInfo: Microsoft.VisualStudio.TestPlatform.Common.ExtensionFramework.Utilities.TestExecutorPluginInformation2 TExtension: Microsoft.VisualStudio.TestPlatform.ObjectModel.Adapter.ITestExecutor2
TpTrace Verbose: 0 : 12720, 4, 2021/11/15, 13:05:13.362, 9224395632878, testhost.dll, TestPluginCache.GetExtensionPaths: Filtered extension paths: 
TpTrace Verbose: 0 : 12720, 4, 2021/11/15, 13:05:13.362, 9224395633766, testhost.dll, TestPluginCache.GetExtensionPaths: Added default extension paths: C:\Users\Ehlimana\Desktop\ZivotinjskaFarma\Zadatak 2\bin\Debug\net5.0\fine-code-coverage\build-output\Microsoft.VisualStudio.TestPlatform.MSTest.TestAdapter.dll
TpTrace Verbose: 0 : 12720, 4, 2021/11/15, 13:05:13.362, 9224395634393, testhost.dll, TestPluginCache.GetExtensionPaths: Added unfilterableExtensionPaths: 
TpTrace Information: 0 : 12720, 4, 2021/11/15, 13:05:13.362, 9224395637511, testhost.dll, AssemblyResolver.AddSearchDirectories: Adding more searchDirectories C:\Users\Ehlimana\Desktop\ZivotinjskaFarma\Zadatak 2\bin\Debug\net5.0\fine-code-coverage\build-output
TpTrace Verbose: 0 : 12720, 4, 2021/11/15, 13:05:13.362, 9224395638277, testhost.dll, TestPluginCache.DiscoverTestExtensions: Discovering the extensions using extension path.
TpTrace Verbose: 0 : 12720, 4, 2021/11/15, 13:05:13.362, 9224395638979, testhost.dll, TestPluginCache.GetExtensionPaths: Filtered extension paths: 
TpTrace Verbose: 0 : 12720, 4, 2021/11/15, 13:05:13.363, 9224395639678, testhost.dll, TestPluginCache.GetExtensionPaths: Added default extension paths: C:\Users\Ehlimana\Desktop\ZivotinjskaFarma\Zadatak 2\bin\Debug\net5.0\fine-code-coverage\build-output\Microsoft.VisualStudio.TestPlatform.MSTest.TestAdapter.dll
TpTrace Verbose: 0 : 12720, 4, 2021/11/15, 13:05:13.363, 9224395640341, testhost.dll, TestPluginCache.GetExtensionPaths: Added unfilterableExtensionPaths: 
TpTrace Verbose: 0 : 12720, 4, 2021/11/15, 13:05:13.363, 9224395641062, testhost.dll, TestPluginCache.DiscoverTestExtensions: Discovering the extensions using allExtensionPaths: C:\Users\Ehlimana\Desktop\ZivotinjskaFarma\Zadatak 2\bin\Debug\net5.0\fine-code-coverage\build-output\Microsoft.VisualStudio.TestPlatform.MSTest.TestAdapter.dll
TpTrace Information: 0 : 12720, 4, 2021/11/15, 13:05:13.363, 9224395642095, testhost.dll, AssemblyResolver.AddSearchDirectories: Adding more searchDirectories C:\Users\Ehlimana\Desktop\ZivotinjskaFarma\Zadatak 2\bin\Debug\net5.0\fine-code-coverage\build-output
TpTrace Verbose: 0 : 12720, 4, 2021/11/15, 13:05:13.363, 9224395646570, testhost.dll, TestPluginCache: Discovered the extensions using extension path ''.
TpTrace Verbose: 0 : 12720, 4, 2021/11/15, 13:05:13.363, 9224395647656, testhost.dll, TestPluginCache: Discoverers are ''.
TpTrace Verbose: 0 : 12720, 4, 2021/11/15, 13:05:13.363, 9224395648584, testhost.dll, TestPluginCache: Executors are 'executor://MSTestAdapter/v2'.
TpTrace Verbose: 0 : 12720, 4, 2021/11/15, 13:05:13.364, 9224395649790, testhost.dll, TestPluginCache: Executors2 are ''.
TpTrace Verbose: 0 : 12720, 4, 2021/11/15, 13:05:13.364, 9224395650412, testhost.dll, TestPluginCache: Setting providers are ''.
TpTrace Verbose: 0 : 12720, 4, 2021/11/15, 13:05:13.364, 9224395650964, testhost.dll, TestPluginCache: Loggers are ''.
TpTrace Information: 0 : 12720, 4, 2021/11/15, 13:05:13.370, 9224395713874, testhost.dll, TestPluginManager.CreateTestExtension: Attempting to load test extension: Microsoft.VisualStudio.TestPlatform.MSTest.TestAdapter.MSTestExecutor
TpTrace Verbose: 0 : 12720, 4, 2021/11/15, 13:05:13.378, 9224395798575, testhost.dll, TestExecutorExtensionManager: Loading executor Microsoft.VisualStudio.TestPlatform.MSTest.TestAdapter.MSTestExecutor
TpTrace Verbose: 0 : 12720, 4, 2021/11/15, 13:05:13.379, 9224395799797, testhost.dll, TestExecutorService: Loaded the executors
TpTrace Verbose: 0 : 12720, 4, 2021/11/15, 13:05:13.379, 9224395808632, testhost.dll, TestPluginCache.DiscoverTestExtensions: finding test extensions in assemblies ends with: TestAdapter.dll TPluginInfo: Microsoft.VisualStudio.TestPlatform.Common.ExtensionFramework.Utilities.TestSettingsProviderPluginInformation TExtension: Microsoft.VisualStudio.TestPlatform.ObjectModel.Adapter.ISettingsProvider
TpTrace Verbose: 0 : 12720, 4, 2021/11/15, 13:05:13.380, 9224395810456, testhost.dll, TestPluginCache.GetExtensionPaths: Filtered extension paths: 
TpTrace Verbose: 0 : 12720, 4, 2021/11/15, 13:05:13.380, 9224395811066, testhost.dll, TestPluginCache.GetExtensionPaths: Added default extension paths: C:\Users\Ehlimana\Desktop\ZivotinjskaFarma\Zadatak 2\bin\Debug\net5.0\fine-code-coverage\build-output\Microsoft.VisualStudio.TestPlatform.MSTest.TestAdapter.dll
TpTrace Verbose: 0 : 12720, 4, 2021/11/15, 13:05:13.380, 9224395811477, testhost.dll, TestPluginCache.GetExtensionPaths: Added unfilterableExtensionPaths: 
TpTrace Information: 0 : 12720, 4, 2021/11/15, 13:05:13.380, 9224395812897, testhost.dll, AssemblyResolver.AddSearchDirectories: Adding more searchDirectories C:\Users\Ehlimana\Desktop\ZivotinjskaFarma\Zadatak 2\bin\Debug\net5.0\fine-code-coverage\build-output
TpTrace Verbose: 0 : 12720, 4, 2021/11/15, 13:05:13.380, 9224395813353, testhost.dll, TestPluginCache.DiscoverTestExtensions: Discovering the extensions using extension path.
TpTrace Verbose: 0 : 12720, 4, 2021/11/15, 13:05:13.380, 9224395813727, testhost.dll, TestPluginCache.GetExtensionPaths: Filtered extension paths: 
TpTrace Verbose: 0 : 12720, 4, 2021/11/15, 13:05:13.380, 9224395814045, testhost.dll, TestPluginCache.GetExtensionPaths: Added default extension paths: C:\Users\Ehlimana\Desktop\ZivotinjskaFarma\Zadatak 2\bin\Debug\net5.0\fine-code-coverage\build-output\Microsoft.VisualStudio.TestPlatform.MSTest.TestAdapter.dll
TpTrace Verbose: 0 : 12720, 4, 2021/11/15, 13:05:13.380, 9224395814367, testhost.dll, TestPluginCache.GetExtensionPaths: Added unfilterableExtensionPaths: 
TpTrace Verbose: 0 : 12720, 4, 2021/11/15, 13:05:13.380, 9224395814712, testhost.dll, TestPluginCache.DiscoverTestExtensions: Discovering the extensions using allExtensionPaths: C:\Users\Ehlimana\Desktop\ZivotinjskaFarma\Zadatak 2\bin\Debug\net5.0\fine-code-coverage\build-output\Microsoft.VisualStudio.TestPlatform.MSTest.TestAdapter.dll
TpTrace Information: 0 : 12720, 4, 2021/11/15, 13:05:13.380, 9224395815162, testhost.dll, AssemblyResolver.AddSearchDirectories: Adding more searchDirectories C:\Users\Ehlimana\Desktop\ZivotinjskaFarma\Zadatak 2\bin\Debug\net5.0\fine-code-coverage\build-output
TpTrace Verbose: 0 : 12720, 4, 2021/11/15, 13:05:13.380, 9224395817257, testhost.dll, TestPluginCache: Discovered the extensions using extension path ''.
TpTrace Verbose: 0 : 12720, 4, 2021/11/15, 13:05:13.380, 9224395817716, testhost.dll, TestPluginCache: Discoverers are ''.
TpTrace Verbose: 0 : 12720, 4, 2021/11/15, 13:05:13.380, 9224395818060, testhost.dll, TestPluginCache: Executors are 'executor://MSTestAdapter/v2'.
TpTrace Verbose: 0 : 12720, 4, 2021/11/15, 13:05:13.380, 9224395818387, testhost.dll, TestPluginCache: Executors2 are ''.
TpTrace Verbose: 0 : 12720, 4, 2021/11/15, 13:05:13.380, 9224395818824, testhost.dll, TestPluginCache: Setting providers are ''.
TpTrace Verbose: 0 : 12720, 4, 2021/11/15, 13:05:13.380, 9224395819155, testhost.dll, TestPluginCache: Loggers are ''.
TpTrace Verbose: 0 : 12720, 4, 2021/11/15, 13:05:13.382, 9224395829877, testhost.dll, TestExecutorService: Loaded the settings providers
TpTrace Information: 0 : 12720, 4, 2021/11/15, 13:05:13.382, 9224395830818, testhost.dll, TestExecutorService: Loaded the extensions
TpTrace Information: 0 : 12720, 4, 2021/11/15, 13:05:13.480, 9224396819193, testhost.dll, TestDiscoveryManager: Discovering tests from sources C:\Users\Ehlimana\Desktop\ZivotinjskaFarma\Zadatak 2\bin\Debug\net5.0\fine-code-coverage\build-output\Zadatak 2.dll
TpTrace Verbose: 0 : 12720, 4, 2021/11/15, 13:05:13.484, 9224396853471, testhost.dll, TestPluginCache.DiscoverTestExtensions: finding test extensions in assemblies ends with: TestAdapter.dll TPluginInfo: Microsoft.VisualStudio.TestPlatform.Common.ExtensionFramework.Utilities.TestDiscovererPluginInformation TExtension: Microsoft.VisualStudio.TestPlatform.ObjectModel.Adapter.ITestDiscoverer
TpTrace Verbose: 0 : 12720, 4, 2021/11/15, 13:05:13.484, 9224396856235, testhost.dll, TestPluginCache.GetExtensionPaths: Filtered extension paths: 
TpTrace Verbose: 0 : 12720, 4, 2021/11/15, 13:05:13.484, 9224396857361, testhost.dll, TestPluginCache.GetExtensionPaths: Added default extension paths: C:\Users\Ehlimana\Desktop\ZivotinjskaFarma\Zadatak 2\bin\Debug\net5.0\fine-code-coverage\build-output\Microsoft.VisualStudio.TestPlatform.MSTest.TestAdapter.dll
TpTrace Verbose: 0 : 12720, 4, 2021/11/15, 13:05:13.484, 9224396858029, testhost.dll, TestPluginCache.GetExtensionPaths: Added unfilterableExtensionPaths: 
TpTrace Information: 0 : 12720, 4, 2021/11/15, 13:05:13.485, 9224396861040, testhost.dll, AssemblyResolver.AddSearchDirectories: Adding more searchDirectories C:\Users\Ehlimana\Desktop\ZivotinjskaFarma\Zadatak 2\bin\Debug\net5.0\fine-code-coverage\build-output
TpTrace Verbose: 0 : 12720, 4, 2021/11/15, 13:05:13.485, 9224396861930, testhost.dll, TestPluginCache.DiscoverTestExtensions: Discovering the extensions using extension path.
TpTrace Verbose: 0 : 12720, 4, 2021/11/15, 13:05:13.485, 9224396862545, testhost.dll, TestPluginCache.GetExtensionPaths: Filtered extension paths: 
TpTrace Verbose: 0 : 12720, 4, 2021/11/15, 13:05:13.485, 9224396863097, testhost.dll, TestPluginCache.GetExtensionPaths: Added default extension paths: C:\Users\Ehlimana\Desktop\ZivotinjskaFarma\Zadatak 2\bin\Debug\net5.0\fine-code-coverage\build-output\Microsoft.VisualStudio.TestPlatform.MSTest.TestAdapter.dll
TpTrace Verbose: 0 : 12720, 4, 2021/11/15, 13:05:13.485, 9224396863666, testhost.dll, TestPluginCache.GetExtensionPaths: Added unfilterableExtensionPaths: 
TpTrace Verbose: 0 : 12720, 4, 2021/11/15, 13:05:13.485, 9224396864303, testhost.dll, TestPluginCache.DiscoverTestExtensions: Discovering the extensions using allExtensionPaths: C:\Users\Ehlimana\Desktop\ZivotinjskaFarma\Zadatak 2\bin\Debug\net5.0\fine-code-coverage\build-output\Microsoft.VisualStudio.TestPlatform.MSTest.TestAdapter.dll
TpTrace Information: 0 : 12720, 4, 2021/11/15, 13:05:13.485, 9224396865203, testhost.dll, AssemblyResolver.AddSearchDirectories: Adding more searchDirectories C:\Users\Ehlimana\Desktop\ZivotinjskaFarma\Zadatak 2\bin\Debug\net5.0\fine-code-coverage\build-output
TpTrace Verbose: 0 : 12720, 4, 2021/11/15, 13:05:13.490, 9224396911756, testhost.dll, TestPluginCache: Discovered the extensions using extension path ''.
TpTrace Verbose: 0 : 12720, 4, 2021/11/15, 13:05:13.490, 9224396913338, testhost.dll, TestPluginCache: Discoverers are 'Microsoft.VisualStudio.TestPlatform.MSTest.TestAdapter.MSTestDiscoverer, Microsoft.VisualStudio.TestPlatform.MSTest.TestAdapter, Version=14.0.0.0, Culture=neutral, PublicKeyToken=b03f5f7f11d50a3a'.
TpTrace Verbose: 0 : 12720, 4, 2021/11/15, 13:05:13.490, 9224396914080, testhost.dll, TestPluginCache: Executors are 'executor://MSTestAdapter/v2'.
TpTrace Verbose: 0 : 12720, 4, 2021/11/15, 13:05:13.490, 9224396914595, testhost.dll, TestPluginCache: Executors2 are ''.
TpTrace Verbose: 0 : 12720, 4, 2021/11/15, 13:05:13.490, 9224396915083, testhost.dll, TestPluginCache: Setting providers are ''.
TpTrace Verbose: 0 : 12720, 4, 2021/11/15, 13:05:13.490, 9224396915582, testhost.dll, TestPluginCache: Loggers are ''.
TpTrace Verbose: 0 : 12720, 4, 2021/11/15, 13:05:13.501, 9224397021351, testhost.dll, BaseRunTests.RunTestInternalWithExecutors: Running tests for executor://MSTestAdapter/v2
TpTrace Information: 0 : 12720, 4, 2021/11/15, 13:05:13.502, 9224397032297, testhost.dll, AssemblyResolver.OnResolve: Microsoft.VisualStudio.TestPlatform.MSTestAdapter.PlatformServices.Interface: Resolving assembly.
TpTrace Information: 0 : 12720, 4, 2021/11/15, 13:05:13.504, 9224397052560, testhost.dll, AssemblyResolver.OnResolve: Resolved assembly: Microsoft.VisualStudio.TestPlatform.MSTestAdapter.PlatformServices.Interface, from path: C:\Users\Ehlimana\Desktop\ZivotinjskaFarma\Zadatak 2\bin\Debug\net5.0\fine-code-coverage\build-output\Microsoft.VisualStudio.TestPlatform.MSTestAdapter.PlatformServices.Interface.dll
TpTrace Information: 0 : 12720, 4, 2021/11/15, 13:05:13.506, 9224397073210, testhost.dll, AssemblyResolver.OnResolve: Microsoft.VisualStudio.TestPlatform.MSTestAdapter.PlatformServices: Resolving assembly.
TpTrace Information: 0 : 12720, 4, 2021/11/15, 13:05:13.507, 9224397085992, testhost.dll, AssemblyResolver.OnResolve: Resolved assembly: Microsoft.VisualStudio.TestPlatform.MSTestAdapter.PlatformServices, from path: C:\Users\Ehlimana\Desktop\ZivotinjskaFarma\Zadatak 2\bin\Debug\net5.0\fine-code-coverage\build-output\Microsoft.VisualStudio.TestPlatform.MSTestAdapter.PlatformServices.dll
TpTrace Information: 0 : 12720, 4, 2021/11/15, 13:05:13.508, 9224397093411, testhost.dll, MSTest - MSTestExecutor.RunTests: Running tests from sources.
TpTrace Information: 0 : 12720, 4, 2021/11/15, 13:05:13.513, 9224397146804, testhost.dll, MSTest - CollectSourceInformation value Found : False 
TpTrace Information: 0 : 12720, 4, 2021/11/15, 13:05:13.550, 9224397516000, testhost.dll, AssemblyResolver.OnResolve: Microsoft.TestPlatform.AdapterUtilities: Resolving assembly.
TpTrace Information: 0 : 12720, 4, 2021/11/15, 13:05:13.551, 9224397529229, testhost.dll, AssemblyResolver.OnResolve: Resolved assembly: Microsoft.TestPlatform.AdapterUtilities, from path: C:\Users\Ehlimana\Desktop\ZivotinjskaFarma\Zadatak 2\bin\Debug\net5.0\fine-code-coverage\build-output\Microsoft.TestPlatform.AdapterUtilities.dll
TpTrace Information: 0 : 12720, 4, 2021/11/15, 13:05:13.573, 9224397740857, testhost.dll, MSTest - MSTestDiscoverer: Found 5 tests from source C:\Users\Ehlimana\Desktop\ZivotinjskaFarma\Zadatak 2\bin\Debug\net5.0\fine-code-coverage\build-output\Zadatak 2.dll
TpTrace Information: 0 : 12720, 4, 2021/11/15, 13:05:13.597, 9224397987266, testhost.dll, AssemblyResolver.OnResolve: Microsoft.VisualStudio.TestPlatform.MSTestAdapter.PlatformServices.resources: Resolving assembly.
TpTrace Information: 0 : 12720, 4, 2021/11/15, 13:05:13.597, 9224397989600, testhost.dll, AssemblyResolver.OnResolve: Microsoft.VisualStudio.TestPlatform.MSTestAdapter.PlatformServices.resources: Failed to load assembly.
TpTrace Information: 0 : 12720, 4, 2021/11/15, 13:05:13.598, 9224397994487, testhost.dll, AssemblyResolver.OnResolve: Microsoft.VisualStudio.TestPlatform.MSTestAdapter.PlatformServices.resources: Resolving assembly.
TpTrace Information: 0 : 12720, 4, 2021/11/15, 13:05:13.598, 9224397995701, testhost.dll, AssemblyResolver.OnResolve: Microsoft.VisualStudio.TestPlatform.MSTestAdapter.PlatformServices.resources: Resolved from cache.
TpTrace Information: 0 : 12720, 4, 2021/11/15, 13:05:13.618, 9224398191002, testhost.dll, MSTest - Created unit-test runner C:\Users\Ehlimana\Desktop\ZivotinjskaFarma\Zadatak 2\bin\Debug\net5.0\fine-code-coverage\build-output\Zadatak 2.dll
TpTrace Verbose: 0 : 12720, 4, 2021/11/15, 13:05:13.624, 9224398250078, testhost.dll, TestExecutionRecorder.RecordStart: Starting test: Zadatak_2.TDD.TestZamjenskiObjekat.
TpTrace Information: 0 : 12720, 4, 2021/11/15, 13:05:13.717, 9224399186923, testhost.dll, MSTest - Executing test TestZamjenskiObjekat
TpTrace Information: 0 : 12720, 4, 2021/11/15, 13:05:13.800, 9224400010754, testhost.dll, MSTest - Executed test TestZamjenskiObjekat
TpTrace Verbose: 0 : 12720, 4, 2021/11/15, 13:05:13.808, 9224400091290, testhost.dll, TestExecutionRecorder.RecordEnd: test: Zadatak_2.TDD.TestZamjenskiObjekat execution completed.
TpTrace Verbose: 0 : 12720, 4, 2021/11/15, 13:05:13.834, 9224400351981, testhost.dll, TestExecutionRecorder.RecordResult: Received result for test: Zadatak_2.TDD.TestZamjenskiObjekat.
TpTrace Warning: 0 : 12720, 4, 2021/11/15, 13:05:13.841, 9224400427311, testhost.dll, TestRunCache: InProgressTests is null
TpTrace Warning: 0 : 12720, 4, 2021/11/15, 13:05:13.842, 9224400430435, testhost.dll, TestRunCache: No test found corresponding to testResult '' in inProgress list.
TpTrace Verbose: 0 : 12720, 4, 2021/11/15, 13:05:13.842, 9224400432243, testhost.dll, TestExecutionRecorder.RecordStart: Starting test: Zadatak_2.TDD.SpecijalizacijaFarmaKrava.
TpTrace Information: 0 : 12720, 4, 2021/11/15, 13:05:13.845, 9224400460731, testhost.dll, MSTest - Executing test SpecijalizacijaFarmaKrava
TpTrace Information: 0 : 12720, 4, 2021/11/15, 13:05:13.894, 9224400949718, testhost.dll, AssemblyResolver.OnResolve: Microsoft.VisualStudio.TestPlatform.MSTest.TestAdapter.resources: Resolving assembly.
TpTrace Information: 0 : 12720, 4, 2021/11/15, 13:05:13.894, 9224400952964, testhost.dll, AssemblyResolver.OnResolve: Microsoft.VisualStudio.TestPlatform.MSTest.TestAdapter.resources: Failed to load assembly.
TpTrace Information: 0 : 12720, 4, 2021/11/15, 13:05:13.923, 9224401246522, testhost.dll, MSTest - Executed test SpecijalizacijaFarmaKrava
TpTrace Verbose: 0 : 12720, 4, 2021/11/15, 13:05:13.923, 9224401247816, testhost.dll, TestExecutionRecorder.RecordEnd: test: Zadatak_2.TDD.SpecijalizacijaFarmaKrava execution completed.
TpTrace Information: 0 : 12720, 4, 2021/11/15, 13:05:13.925, 9224401262292, testhost.dll, MSTest - MSTestExecutor:Test Zadatak_2.TDD.SpecijalizacijaFarmaKrava failed. ErrorMessage:Test method Zadatak_2.TDD.SpecijalizacijaFarmaKrava threw exception: 
System.NotImplementedException: The method or operation is not implemented., ErrorStackTrace:    at ZivotinjskaFarma.Farma.SpecijalizacijaFarme(ZivotinjskaVrsta vrsta, Int32 brojGrla) in C:\Users\Ehlimana\Desktop\ZivotinjskaFarma\ZivotinjskaFarma\Farma.cs:line 77
   at Zadatak_2.TDD.SpecijalizacijaFarmaKrava() in C:\Users\Ehlimana\Desktop\ZivotinjskaFarma\Zadatak 2\TDD.cs:line 53
.
TpTrace Verbose: 0 : 12720, 4, 2021/11/15, 13:05:13.925, 9224401263184, testhost.dll, TestExecutionRecorder.RecordResult: Received result for test: Zadatak_2.TDD.SpecijalizacijaFarmaKrava.
TpTrace Warning: 0 : 12720, 4, 2021/11/15, 13:05:13.925, 9224401263854, testhost.dll, TestRunCache: InProgressTests is null
TpTrace Warning: 0 : 12720, 4, 2021/11/15, 13:05:13.925, 9224401264215, testhost.dll, TestRunCache: No test found corresponding to testResult '' in inProgress list.
TpTrace Verbose: 0 : 12720, 4, 2021/11/15, 13:05:13.925, 9224401264714, testhost.dll, TestExecutionRecorder.RecordStart: Starting test: Zadatak_2.TDD.SpecijalizacijaMagarećaFarma.
TpTrace Information: 0 : 12720, 4, 2021/11/15, 13:05:13.926, 9224401277804, testhost.dll, MSTest - Executing test SpecijalizacijaMagarećaFarma
TpTrace Information: 0 : 12720, 4, 2021/11/15, 13:05:13.928, 9224401293797, testhost.dll, MSTest - Executed test SpecijalizacijaMagarećaFarma
TpTrace Verbose: 0 : 12720, 4, 2021/11/15, 13:05:13.928, 9224401294741, testhost.dll, TestExecutionRecorder.RecordEnd: test: Zadatak_2.TDD.SpecijalizacijaMagarećaFarma execution completed.
TpTrace Information: 0 : 12720, 4, 2021/11/15, 13:05:13.933, 9224401342821, testhost.dll, MSTest - MSTestExecutor:Test Zadatak_2.TDD.SpecijalizacijaMagarećaFarma failed. ErrorMessage:Test method Zadatak_2.TDD.SpecijalizacijaMagarećaFarma threw exception: 
System.NotImplementedException: The method or operation is not implemented., ErrorStackTrace:    at ZivotinjskaFarma.Farma.SpecijalizacijaFarme(ZivotinjskaVrsta vrsta, Int32 brojGrla) in C:\Users\Ehlimana\Desktop\ZivotinjskaFarma\ZivotinjskaFarma\Farma.cs:line 77
   at Zadatak_2.TDD.SpecijalizacijaMagarećaFarma() in C:\Users\Ehlimana\Desktop\ZivotinjskaFarma\Zadatak 2\TDD.cs:line 76
.
TpTrace Verbose: 0 : 12720, 4, 2021/11/15, 13:05:13.933, 9224401344155, testhost.dll, TestExecutionRecorder.RecordResult: Received result for test: Zadatak_2.TDD.SpecijalizacijaMagarećaFarma.
TpTrace Warning: 0 : 12720, 4, 2021/11/15, 13:05:13.933, 9224401345460, testhost.dll, TestRunCache: InProgressTests is null
TpTrace Warning: 0 : 12720, 4, 2021/11/15, 13:05:13.933, 9224401346126, testhost.dll, TestRunCache: No test found corresponding to testResult '' in inProgress list.
TpTrace Verbose: 0 : 12720, 4, 2021/11/15, 13:05:13.933, 9224401347022, testhost.dll, TestExecutionRecorder.RecordStart: Starting test: Zadatak_2.TDD.SpecijalizacijaFarmaNepodrzanaVrsta.
TpTrace Information: 0 : 12720, 4, 2021/11/15, 13:05:13.936, 9224401373404, testhost.dll, MSTest - Executing test SpecijalizacijaFarmaNepodrzanaVrsta
TpTrace Information: 0 : 12720, 4, 2021/11/15, 13:05:13.940, 9224401413339, testhost.dll, AssemblyResolver.OnResolve: Microsoft.VisualStudio.TestPlatform.TestFramework.resources: Resolving assembly.
TpTrace Information: 0 : 12720, 4, 2021/11/15, 13:05:13.940, 9224401416641, testhost.dll, AssemblyResolver.OnResolve: Microsoft.VisualStudio.TestPlatform.TestFramework.resources: Failed to load assembly.
TpTrace Information: 0 : 12720, 4, 2021/11/15, 13:05:13.942, 9224401435101, testhost.dll, MSTest - Executed test SpecijalizacijaFarmaNepodrzanaVrsta
TpTrace Verbose: 0 : 12720, 4, 2021/11/15, 13:05:13.942, 9224401437651, testhost.dll, TestExecutionRecorder.RecordEnd: test: Zadatak_2.TDD.SpecijalizacijaFarmaNepodrzanaVrsta execution completed.
TpTrace Information: 0 : 12720, 4, 2021/11/15, 13:05:13.944, 9224401454716, testhost.dll, MSTest - MSTestExecutor:Test Zadatak_2.TDD.SpecijalizacijaFarmaNepodrzanaVrsta failed. ErrorMessage:Test method threw exception System.NotImplementedException, but exception System.InvalidOperationException was expected. Exception message: System.NotImplementedException: The method or operation is not implemented., ErrorStackTrace:   at ZivotinjskaFarma.Farma.SpecijalizacijaFarme(ZivotinjskaVrsta vrsta, Int32 brojGrla) in C:\Users\Ehlimana\Desktop\ZivotinjskaFarma\ZivotinjskaFarma\Farma.cs:line 77
   at Zadatak_2.TDD.SpecijalizacijaFarmaNepodrzanaVrsta() in C:\Users\Ehlimana\Desktop\ZivotinjskaFarma\Zadatak 2\TDD.cs:line 100
.
TpTrace Verbose: 0 : 12720, 4, 2021/11/15, 13:05:13.944, 9224401455625, testhost.dll, TestExecutionRecorder.RecordResult: Received result for test: Zadatak_2.TDD.SpecijalizacijaFarmaNepodrzanaVrsta.
TpTrace Warning: 0 : 12720, 4, 2021/11/15, 13:05:13.944, 9224401456187, testhost.dll, TestRunCache: InProgressTests is null
TpTrace Warning: 0 : 12720, 4, 2021/11/15, 13:05:13.944, 9224401456538, testhost.dll, TestRunCache: No test found corresponding to testResult '' in inProgress list.
TpTrace Verbose: 0 : 12720, 4, 2021/11/15, 13:05:13.944, 9224401457160, testhost.dll, TestExecutionRecorder.RecordStart: Starting test: Zadatak_2.TDD.SpecijalizacijaFarmaPreviseGrla.
TpTrace Information: 0 : 12720, 4, 2021/11/15, 13:05:13.945, 9224401469212, testhost.dll, MSTest - Executing test SpecijalizacijaFarmaPreviseGrla
TpTrace Information: 0 : 12720, 4, 2021/11/15, 13:05:13.947, 9224401486751, testhost.dll, MSTest - Executed test SpecijalizacijaFarmaPreviseGrla
TpTrace Verbose: 0 : 12720, 4, 2021/11/15, 13:05:13.947, 9224401488069, testhost.dll, TestExecutionRecorder.RecordEnd: test: Zadatak_2.TDD.SpecijalizacijaFarmaPreviseGrla execution completed.
TpTrace Information: 0 : 12720, 4, 2021/11/15, 13:05:13.949, 9224401509428, testhost.dll, MSTest - MSTestExecutor:Test Zadatak_2.TDD.SpecijalizacijaFarmaPreviseGrla failed. ErrorMessage:Test method threw exception System.NotImplementedException, but exception System.ArgumentException was expected. Exception message: System.NotImplementedException: The method or operation is not implemented., ErrorStackTrace:   at ZivotinjskaFarma.Farma.SpecijalizacijaFarme(ZivotinjskaVrsta vrsta, Int32 brojGrla) in C:\Users\Ehlimana\Desktop\ZivotinjskaFarma\ZivotinjskaFarma\Farma.cs:line 77
   at Zadatak_2.TDD.SpecijalizacijaFarmaPreviseGrla() in C:\Users\Ehlimana\Desktop\ZivotinjskaFarma\Zadatak 2\TDD.cs:line 116
.
TpTrace Verbose: 0 : 12720, 4, 2021/11/15, 13:05:13.950, 9224401510641, testhost.dll, TestExecutionRecorder.RecordResult: Received result for test: Zadatak_2.TDD.SpecijalizacijaFarmaPreviseGrla.
TpTrace Warning: 0 : 12720, 4, 2021/11/15, 13:05:13.950, 9224401511607, testhost.dll, TestRunCache: InProgressTests is null
TpTrace Warning: 0 : 12720, 4, 2021/11/15, 13:05:13.950, 9224401512192, testhost.dll, TestRunCache: No test found corresponding to testResult '' in inProgress list.
TpTrace Information: 0 : 12720, 4, 2021/11/15, 13:05:13.950, 9224401516838, testhost.dll, MSTest - Executing cleanup methods.
TpTrace Information: 0 : 12720, 4, 2021/11/15, 13:05:13.953, 9224401543992, testhost.dll, MSTest - Executed cleanup methods.
TpTrace Information: 0 : 12720, 4, 2021/11/15, 13:05:13.953, 9224401546951, testhost.dll, MSTest - Executed tests belonging to source C:\Users\Ehlimana\Desktop\ZivotinjskaFarma\Zadatak 2\bin\Debug\net5.0\fine-code-coverage\build-output\Zadatak 2.dll
TpTrace Verbose: 0 : 12720, 4, 2021/11/15, 13:05:13.954, 9224401554692, testhost.dll, BaseRunTests.RunTestInternalWithExecutors: Completed running tests for executor://MSTestAdapter/v2
TpTrace Information: 0 : 12720, 4, 2021/11/15, 13:05:13.959, 9224401600118, testhost.dll, Sending test run complete
TpTrace Verbose: 0 : 12720, 4, 2021/11/15, 13:05:14.047, 9224402484299, testhost.dll, TestRequestHandler.SendData:  sending data from testhost: {"Version":5,"MessageType":"TestExecution.Completed","Payload":{"TestRunCompleteArgs":{"TestRunStatistics":{"ExecutedTests":5,"Stats":{"Passed":1,"Failed":4}},"IsCanceled":false,"IsAborted":false,"Error":null,"AttachmentSets":[],"ElapsedTimeInRunningTests":"00:00:00.4618485","Metrics":{}},"LastRunTests":{"NewTestResults":[{"TestCase":{"Id":"cd075b4d-61b2-de77-403b-0cfb69a56f47","FullyQualifiedName":"Zadatak_2.TDD.TestZamjenskiObjekat","DisplayName":"TestZamjenskiObjekat","ExecutorUri":"executor://MSTestAdapter/v2","Source":"C:\\Users\\Ehlimana\\Desktop\\ZivotinjskaFarma\\Zadatak 2\\bin\\Debug\\net5.0\\fine-code-coverage\\build-output\\Zadatak 2.dll","CodeFilePath":null,"LineNumber":-1,"Properties":[{"Key":{"Id":"TestCase.ManagedType","Label":"ManagedType","Category":"","Description":"","Attributes":1,"ValueType":"System.String"},"Value":"Zadatak_2.TDD"},{"Key":{"Id":"TestCase.ManagedMethod","Label":"ManagedMethod","Category":"","Description":"","Attributes":1,"ValueType":"System.String"},"Value":"TestZamjenskiObjekat"},{"Key":{"Id":"MSTestDiscoverer.TestClassName","Label":"ClassName","Category":"","Description":"","Attributes":1,"ValueType":"System.String"},"Value":"Zadatak_2.TDD"},{"Key":{"Id":"TestObject.Traits","Label":"Traits","Category":"","Description":"","Attributes":5,"ValueType":"System.Collections.Generic.KeyValuePair`2[[System.String],[System.String]][]"},"Value":[]}]},"Attachments":[],"Outcome":1,"ErrorMessage":null,"ErrorStackTrace":null,"DisplayName":null,"Messages":[],"ComputerName":null,"Duration":"00:00:00.0334201","StartTime":"2021-11-15T13:05:13.7175991+01:00","EndTime":"2021-11-15T13:05:13.8002529+01:00","Properties":[{"Key":{"Id":"ExecutionId","Label":"ExecutionId","Category":"","Description":"","Attributes":1,"ValueType":"System.Guid"},"Value":"00000000-0000-0000-0000-000000000000"},{"Key":{"Id":"ParentExecId","Label":"ParentExecId","Category":"","Description":"","Attributes":1,"ValueType":"System.Guid"},"Value":"00000000-0000-0000-0000-000000000000"},{"Key":{"Id":"InnerResultsCount","Label":"InnerResultsCount","Category":"","Description":"","Attributes":1,"ValueType":"System.Int32"},"Value":0}]},{"TestCase":{"Id":"16929a2c-8d4b-2006-119c-4a906382257c","FullyQualifiedName":"Zadatak_2.TDD.SpecijalizacijaFarmaKrava","DisplayName":"SpecijalizacijaFarmaKrava","ExecutorUri":"executor://MSTestAdapter/v2","Source":"C:\\Users\\Ehlimana\\Desktop\\ZivotinjskaFarma\\Zadatak 2\\bin\\Debug\\net5.0\\fine-code-coverage\\build-output\\Zadatak 2.dll","CodeFilePath":null,"LineNumber":-1,"Properties":[{"Key":{"Id":"TestCase.ManagedType","Label":"ManagedType","Category":"","Description":"","Attributes":1,"ValueType":"System.String"},"Value":"Zadatak_2.TDD"},{"Key":{"Id":"TestCase.ManagedMethod","Label":"ManagedMethod","Category":"","Description":"","Attributes":1,"ValueType":"System.String"},"Value":"SpecijalizacijaFarmaKrava"},{"Key":{"Id":"MSTestDiscoverer.TestClassName","Label":"ClassName","Category":"","Description":"","Attributes":1,"ValueType":"System.String"},"Value":"Zadatak_2.TDD"},{"Key":{"Id":"TestObject.Traits","Label":"Traits","Category":"","Description":"","Attributes":5,"ValueType":"System.Collections.Generic.KeyValuePair`2[[System.String],[System.String]][]"},"Value":[]}]},"Attachments":[],"Outcome":2,"ErrorMessage":"Test method Zadatak_2.TDD.SpecijalizacijaFarmaKrava threw exception: \r\nSystem.NotImplementedException: The method or operation is not implemented.","ErrorStackTrace":"    at ZivotinjskaFarma.Farma.SpecijalizacijaFarme(ZivotinjskaVrsta vrsta, Int32 brojGrla) in C:\\Users\\Ehlimana\\Desktop\\ZivotinjskaFarma\\ZivotinjskaFarma\\Farma.cs:line 77\r\n   at Zadatak_2.TDD.SpecijalizacijaFarmaKrava() in C:\\Users\\Ehlimana\\Desktop\\ZivotinjskaFarma\\Zadatak 2\\TDD.cs:line 53\r\n","DisplayName":null,"Messages":[],"ComputerName":null,"Duration":"00:00:00.0776067","StartTime":"2021-11-15T13:05:13.8450964+01:00","EndTime":"2021-11-15T13:05:13.9237989+01:00","Properties":[{"Key":{"Id":"ExecutionId","Label":"ExecutionId","Category":"","Description":"","Attributes":1,"ValueType":"System.Guid"},"Value":"00000000-0000-0000-0000-000000000000"},{"Key":{"Id":"ParentExecId","Label":"ParentExecId","Category":"","Description":"","Attributes":1,"ValueType":"System.Guid"},"Value":"00000000-0000-0000-0000-000000000000"},{"Key":{"Id":"InnerResultsCount","Label":"InnerResultsCount","Category":"","Description":"","Attributes":1,"ValueType":"System.Int32"},"Value":0}]},{"TestCase":{"Id":"ba799d76-6f3c-d90f-b48a-b60eefac2083","FullyQualifiedName":"Zadatak_2.TDD.SpecijalizacijaMagarećaFarma","DisplayName":"SpecijalizacijaMagarećaFarma","ExecutorUri":"executor://MSTestAdapter/v2","Source":"C:\\Users\\Ehlimana\\Desktop\\ZivotinjskaFarma\\Zadatak 2\\bin\\Debug\\net5.0\\fine-code-coverage\\build-output\\Zadatak 2.dll","CodeFilePath":null,"LineNumber":-1,"Properties":[{"Key":{"Id":"TestCase.ManagedType","Label":"ManagedType","Category":"","Description":"","Attributes":1,"ValueType":"System.String"},"Value":"Zadatak_2.TDD"},{"Key":{"Id":"TestCase.ManagedMethod","Label":"ManagedMethod","Category":"","Description":"","Attributes":1,"ValueType":"System.String"},"Value":"SpecijalizacijaMagarećaFarma"},{"Key":{"Id":"MSTestDiscoverer.TestClassName","Label":"ClassName","Category":"","Description":"","Attributes":1,"ValueType":"System.String"},"Value":"Zadatak_2.TDD"},{"Key":{"Id":"TestObject.Traits","Label":"Traits","Category":"","Description":"","Attributes":5,"ValueType":"System.Collections.Generic.KeyValuePair`2[[System.String],[System.String]][]"},"Value":[]}]},"Attachments":[],"Outcome":2,"ErrorMessage":"Test method Zadatak_2.TDD.SpecijalizacijaMagarećaFarma threw exception: \r\nSystem.NotImplementedException: The method or operation is not implemented.","ErrorStackTrace":"    at ZivotinjskaFarma.Farma.SpecijalizacijaFarme(ZivotinjskaVrsta vrsta, Int32 brojGrla) in C:\\Users\\Ehlimana\\Desktop\\ZivotinjskaFarma\\ZivotinjskaFarma\\Farma.cs:line 77\r\n   at Zadatak_2.TDD.SpecijalizacijaMagarećaFarma() in C:\\Users\\Ehlimana\\Desktop\\ZivotinjskaFarma\\Zadatak 2\\TDD.cs:line 76\r\n","DisplayName":null,"Messages":[],"ComputerName":null,"Duration":"00:00:00.0013189","StartTime":"2021-11-15T13:05:13.9268071+01:00","EndTime":"2021-11-15T13:05:13.9285027+01:00","Properties":[{"Key":{"Id":"ExecutionId","Label":"ExecutionId","Category":"","Description":"","Attributes":1,"ValueType":"System.Guid"},"Value":"00000000-0000-0000-0000-000000000000"},{"Key":{"Id":"ParentExecId","Label":"ParentExecId","Category":"","Description":"","Attributes":1,"ValueType":"System.Guid"},"Value":"00000000-0000-0000-0000-000000000000"},{"Key":{"Id":"InnerResultsCount","Label":"InnerResultsCount","Category":"","Description":"","Attributes":1,"ValueType":"System.Int32"},"Value":0}]},{"TestCase":{"Id":"50548227-54e4-2abb-66f8-55c9dd352654","FullyQualifiedName":"Zadatak_2.TDD.SpecijalizacijaFarmaNepodrzanaVrsta","DisplayName":"SpecijalizacijaFarmaNepodrzanaVrsta","ExecutorUri":"executor://MSTestAdapter/v2","Source":"C:\\Users\\Ehlimana\\Desktop\\ZivotinjskaFarma\\Zadatak 2\\bin\\Debug\\net5.0\\fine-code-coverage\\build-output\\Zadatak 2.dll","CodeFilePath":null,"LineNumber":-1,"Properties":[{"Key":{"Id":"TestCase.ManagedType","Label":"ManagedType","Category":"","Description":"","Attributes":1,"ValueType":"System.String"},"Value":"Zadatak_2.TDD"},{"Key":{"Id":"TestCase.ManagedMethod","Label":"ManagedMethod","Category":"","Description":"","Attributes":1,"ValueType":"System.String"},"Value":"SpecijalizacijaFarmaNepodrzanaVrsta"},{"Key":{"Id":"MSTestDiscoverer.TestClassName","Label":"ClassName","Category":"","Description":"","Attributes":1,"ValueType":"System.String"},"Value":"Zadatak_2.TDD"},{"Key":{"Id":"TestObject.Traits","Label":"Traits","Category":"","Description":"","Attributes":5,"ValueType":"System.Collections.Generic.KeyValuePair`2[[System.String],[System.String]][]"},"Value":[]}]},"Attachments":[],"Outcome":2,"ErrorMessage":"Test method threw exception System.NotImplementedException, but exception System.InvalidOperationException was expected. Exception message: System.NotImplementedException: The method or operation is not implemented.","ErrorStackTrace":"   at ZivotinjskaFarma.Farma.SpecijalizacijaFarme(ZivotinjskaVrsta vrsta, Int32 brojGrla) in C:\\Users\\Ehlimana\\Desktop\\ZivotinjskaFarma\\ZivotinjskaFarma\\Farma.cs:line 77\r\n   at Zadatak_2.TDD.SpecijalizacijaFarmaNepodrzanaVrsta() in C:\\Users\\Ehlimana\\Desktop\\ZivotinjskaFarma\\Zadatak 2\\TDD.cs:line 100\r\n","DisplayName":null,"Messages":[],"ComputerName":null,"Duration":"00:00:00.0051893","StartTime":"2021-11-15T13:05:13.9363609+01:00","EndTime":"2021-11-15T13:05:13.942756+01:00","Properties":[{"Key":{"Id":"ExecutionId","Label":"ExecutionId","Category":"","Description":"","Attributes":1,"ValueType":"System.Guid"},"Value":"00000000-0000-0000-0000-000000000000"},{"Key":{"Id":"ParentExecId","Label":"ParentExecId","Category":"","Description":"","Attributes":1,"ValueType":"System.Guid"},"Value":"00000000-0000-0000-0000-000000000000"},{"Key":{"Id":"InnerResultsCount","Label":"InnerResultsCount","Category":"","Description":"","Attributes":1,"ValueType":"System.Int32"},"Value":0}]},{"TestCase":{"Id":"b67cfbe4-e03a-b4dd-e837-5a1959fb7aec","FullyQualifiedName":"Zadatak_2.TDD.SpecijalizacijaFarmaPreviseGrla","DisplayName":"SpecijalizacijaFarmaPreviseGrla","ExecutorUri":"executor://MSTestAdapter/v2","Source":"C:\\Users\\Ehlimana\\Desktop\\ZivotinjskaFarma\\Zadatak 2\\bin\\Debug\\net5.0\\fine-code-coverage\\build-output\\Zadatak 2.dll","CodeFilePath":null,"LineNumber":-1,"Properties":[{"Key":{"Id":"TestCase.ManagedType","Label":"ManagedType","Category":"","Description":"","Attributes":1,"ValueType":"System.String"},"Value":"Zadatak_2.TDD"},{"Key":{"Id":"TestCase.ManagedMethod","Label":"ManagedMethod","Category":"","Description":"","Attributes":1,"ValueType":"System.String"},"Value":"SpecijalizacijaFarmaPreviseGrla"},{"Key":{"Id":"MSTestDiscoverer.TestClassName","Label":"ClassName","Category":"","Description":"","Attributes":1,"ValueType":"System.String"},"Value":"Zadatak_2.TDD"},{"Key":{"Id":"TestObject.Traits","Label":"Traits","Category":"","Description":"","Attributes":5,"ValueType":"System.Collections.Generic.KeyValuePair`2[[System.String],[System.String]][]"},"Value":[]}]},"Attachments":[],"Outcome":2,"ErrorMessage":"Test method threw exception System.NotImplementedException, but exception System.ArgumentException was expected. Exception message: System.NotImplementedException: The method or operation is not implemented.","ErrorStackTrace":"   at ZivotinjskaFarma.Farma.SpecijalizacijaFarme(ZivotinjskaVrsta vrsta, Int32 brojGrla) in C:\\Users\\Ehlimana\\Desktop\\ZivotinjskaFarma\\ZivotinjskaFarma\\Farma.cs:line 77\r\n   at Zadatak_2.TDD.SpecijalizacijaFarmaPreviseGrla() in C:\\Users\\Ehlimana\\Desktop\\ZivotinjskaFarma\\Zadatak 2\\TDD.cs:line 116\r\n","DisplayName":null,"Messages":[],"ComputerName":null,"Duration":"00:00:00.0014509","StartTime":"2021-11-15T13:05:13.9459512+01:00","EndTime":"2021-11-15T13:05:13.9478225+01:00","Properties":[{"Key":{"Id":"ExecutionId","Label":"ExecutionId","Category":"","Description":"","Attributes":1,"ValueType":"System.Guid"},"Value":"00000000-0000-0000-0000-000000000000"},{"Key":{"Id":"ParentExecId","Label":"ParentExecId","Category":"","Description":"","Attributes":1,"ValueType":"System.Guid"},"Value":"00000000-0000-0000-0000-000000000000"},{"Key":{"Id":"InnerResultsCount","Label":"InnerResultsCount","Category":"","Description":"","Attributes":1,"ValueType":"System.Int32"},"Value":0}]}],"TestRunStatistics":{"ExecutedTests":5,"Stats":{"Passed":1,"Failed":4}},"ActiveTests":[]},"RunAttachments":[],"ExecutorUris":["executor://mstestadapter/v2"]}}
TpTrace Verbose: 0 : 12720, 4, 2021/11/15, 13:05:14.048, 9224402496663, testhost.dll, BaseRunTests.RunTests: Run is complete.
TpTrace Verbose: 0 : 12720, 5, 2021/11/15, 13:05:14.126, 9224403272404, testhost.dll, TcpClientExtensions.MessageLoopAsync: NotifyDataAvailable remoteEndPoint: [::ffff:127.0.0.1]:62606 localEndPoint: [::ffff:127.0.0.1]:62607
TpTrace Information: 0 : 12720, 5, 2021/11/15, 13:05:14.126, 9224403275798, testhost.dll, TestRequestHandler.ProcessRequests: received message: (TestSession.Terminate) -> null
TpTrace Information: 0 : 12720, 5, 2021/11/15, 13:05:14.126, 9224403276754, testhost.dll, Session End message received from server. Closing the connection.
TpTrace Information: 0 : 12720, 5, 2021/11/15, 13:05:14.127, 9224403281896, testhost.dll, SocketClient.Stop: Stop communication from server endpoint: 127.0.0.1:062606
TpTrace Information: 0 : 12720, 5, 2021/11/15, 13:05:14.127, 9224403283244, testhost.dll, SocketClient: Stop: Cancellation requested. Stopping message loop.
TpTrace Verbose: 0 : 12720, 5, 2021/11/15, 13:05:14.127, 9224403285910, testhost.dll, LengthPrefixCommunicationChannel.Dispose: Dispose reader and writer.
TpTrace Information: 0 : 12720, 5, 2021/11/15, 13:05:14.127, 9224403287835, testhost.dll, Closing the connection !
TpTrace Information: 0 : 12720, 5, 2021/11/15, 13:05:14.128, 9224403291937, testhost.dll, SocketClient.PrivateStop: Stop communication from server endpoint: 127.0.0.1:062606, error:
TpTrace Information: 0 : 12720, 1, 2021/11/15, 13:05:14.128, 9224403293566, testhost.dll, Closing the connection !
TpTrace Information: 0 : 12720, 1, 2021/11/15, 13:05:14.128, 9224403294685, testhost.dll, SocketClient.Stop: Stop communication from server endpoint: 127.0.0.1:062606
TpTrace Verbose: 0 : 12720, 5, 2021/11/15, 13:05:14.128, 9224403294796, testhost.dll, LengthPrefixCommunicationChannel.Dispose: Dispose reader and writer.
TpTrace Verbose: 0 : 12720, 1, 2021/11/15, 13:05:14.128, 9224403295401, testhost.dll, LengthPrefixCommunicationChannel.Dispose: Dispose reader and writer.
TpTrace Verbose: 0 : 12720, 5, 2021/11/15, 13:05:14.128, 9224403296244, testhost.dll, TcpClientExtensions.MessageLoopAsync: exiting MessageLoopAsync remoteEndPoint: [::ffff:127.0.0.1]:62606 localEndPoint: [::ffff:127.0.0.1]:62607
TpTrace Information: 0 : 12720, 1, 2021/11/15, 13:05:14.128, 9224403297880, testhost.dll, Testhost process exiting.
