TpTrace Verbose: 0 : 6408, 1, 2021/11/15, 13:36:31.448, 9243176550670, testhost.dll, Version: 16.9.4
TpTrace Information: 0 : 6408, 1, 2021/11/15, 13:36:31.461, 9243176626468, testhost.dll, DefaultEngineInvoker.Invoke: Testhost process started with args :[--port, 53944],[--endpoint, 127.0.0.1:053944],[--role, client],[--parentprocessid, 7836],[--diag, C:\Users\Ehlimana\Desktop\Pijaca\Zadatak 2\bin\Debug\net5.0\fine-code-coverage\coverage-tool-output\diagnostics.host.21-11-15_13-36-31_13060_5.log],[--tracelevel, 4],[--datacollectionport, 53943],[--telemetryoptedin, false]
TpTrace Information: 0 : 6408, 1, 2021/11/15, 13:36:31.464, 9243176654019, testhost.dll, Setting up debug trace listener.
TpTrace Verbose: 0 : 6408, 1, 2021/11/15, 13:36:31.464, 9243176656999, testhost.dll, TestPlatformTraceListener.Setup: Replacing listener 0 with TestHostTraceListener.
TpTrace Verbose: 0 : 6408, 1, 2021/11/15, 13:36:31.464, 9243176658373, testhost.dll, TestPlatformTraceListener.Setup: Added test platform trace listener.
TpTrace Information: 0 : 6408, 1, 2021/11/15, 13:36:31.465, 9243176665225, testhost.dll, DefaultEngineInvoker.SetParentProcessExitCallback: Monitoring parent process with id: '7836'
TpTrace Information: 0 : 6408, 1, 2021/11/15, 13:36:31.476, 9243176776196, testhost.dll, DefaultEngineInvoker.GetConnectionInfo: Initialize communication on endpoint address: '127.0.0.1:053944'
TpTrace Information: 0 : 6408, 1, 2021/11/15, 13:36:31.498, 9243176998138, testhost.dll, SocketClient.Start: connecting to server endpoint: 127.0.0.1:053944
TpTrace Information: 0 : 6408, 1, 2021/11/15, 13:36:31.508, 9243177097637, testhost.dll, DefaultEngineInvoker.ConnectToDatacollector: Connecting to datacollector, port: 53943
TpTrace Information: 0 : 6408, 5, 2021/11/15, 13:36:31.510, 9243177112096, testhost.dll, SocketClient.OnServerConnected: connected to server endpoint: 127.0.0.1:053944
TpTrace Verbose: 0 : 6408, 5, 2021/11/15, 13:36:31.512, 9243177138173, testhost.dll, Connected to server, and starting MessageLoopAsync
TpTrace Information: 0 : 6408, 1, 2021/11/15, 13:36:31.513, 9243177140574, testhost.dll, Trying to connect to server on socket : 127.0.0.1:53943 
TpTrace Verbose: 0 : 6408, 1, 2021/11/15, 13:36:31.513, 9243177144920, testhost.dll, SocketCommunicationManager : SetupClientAsync : Attempting to connect to the server.
TpTrace Information: 0 : 6408, 10, 2021/11/15, 13:36:31.515, 9243177164205, testhost.dll, Connected to the server successfully 
TpTrace Information: 0 : 6408, 10, 2021/11/15, 13:36:31.515, 9243177165411, testhost.dll, Using the buffer size of 16384 bytes
TpTrace Information: 0 : 6408, 1, 2021/11/15, 13:36:31.516, 9243177172995, testhost.dll, DefaultEngineInvoker.Invoke: Start Request Processing.
TpTrace Verbose: 0 : 6408, 5, 2021/11/15, 13:36:31.517, 9243177179746, testhost.dll, TcpClientExtensions.MessageLoopAsync: Polling on remoteEndPoint: [::ffff:127.0.0.1]:53944 localEndPoint: [::ffff:127.0.0.1]:53945
TpTrace Verbose: 0 : 6408, 5, 2021/11/15, 13:36:31.517, 9243177186233, testhost.dll, TcpClientExtensions.MessageLoopAsync: NotifyDataAvailable remoteEndPoint: [::ffff:127.0.0.1]:53944 localEndPoint: [::ffff:127.0.0.1]:53945
TpTrace Information: 0 : 6408, 11, 2021/11/15, 13:36:31.517, 9243177187614, testhost.dll, DefaultEngineInvoker.StartProcessingAsync: Connected to vstest.console, Starting process requests.
TpTrace Information: 0 : 6408, 5, 2021/11/15, 13:36:31.665, 9243178660290, testhost.dll, TestRequestHandler.ProcessRequests: received message: (ProtocolVersion) -> 5
TpTrace Verbose: 0 : 6408, 5, 2021/11/15, 13:36:31.712, 9243179139606, testhost.dll, TestRequestHandler.SendData:  sending data from testhost: {"Version":5,"MessageType":"TestSession.Message","Payload":{"MessageLevel":0,"Message":"Logging TestHost Diagnostics in file: C:\\Users\\Ehlimana\\Desktop\\Pijaca\\Zadatak 2\\bin\\Debug\\net5.0\\fine-code-coverage\\coverage-tool-output\\diagnostics.host.21-11-15_13-36-31_13060_5.log"}}
TpTrace Verbose: 0 : 6408, 5, 2021/11/15, 13:36:31.713, 9243179142680, testhost.dll, TcpClientExtensions.MessageLoopAsync: Polling on remoteEndPoint: [::ffff:127.0.0.1]:53944 localEndPoint: [::ffff:127.0.0.1]:53945
TpTrace Verbose: 0 : 6408, 5, 2021/11/15, 13:36:31.713, 9243179145114, testhost.dll, TcpClientExtensions.MessageLoopAsync: NotifyDataAvailable remoteEndPoint: [::ffff:127.0.0.1]:53944 localEndPoint: [::ffff:127.0.0.1]:53945
TpTrace Information: 0 : 6408, 5, 2021/11/15, 13:36:31.718, 9243179199497, testhost.dll, TestRequestHandler.ProcessRequests: received message: (TestExecution.Initialize) -> [
  "C:\\Users\\Ehlimana\\Desktop\\Pijaca\\Zadatak 2\\bin\\Debug\\net5.0\\fine-code-coverage\\build-output\\Microsoft.VisualStudio.TestPlatform.MSTest.TestAdapter.dll"
]
TpTrace Information: 0 : 6408, 5, 2021/11/15, 13:36:31.719, 9243179201688, testhost.dll, Execution Session Initialize.
TpTrace Verbose: 0 : 6408, 5, 2021/11/15, 13:36:31.731, 9243179324463, testhost.dll, TcpClientExtensions.MessageLoopAsync: Polling on remoteEndPoint: [::ffff:127.0.0.1]:53944 localEndPoint: [::ffff:127.0.0.1]:53945
TpTrace Verbose: 0 : 6408, 5, 2021/11/15, 13:36:31.731, 9243179326480, testhost.dll, TcpClientExtensions.MessageLoopAsync: NotifyDataAvailable remoteEndPoint: [::ffff:127.0.0.1]:53944 localEndPoint: [::ffff:127.0.0.1]:53945
TpTrace Verbose: 0 : 6408, 4, 2021/11/15, 13:36:31.735, 9243179361363, testhost.dll, TestExecutorService: Loading the extensions
TpTrace Information: 0 : 6408, 5, 2021/11/15, 13:36:31.736, 9243179371900, testhost.dll, TestRequestHandler.ProcessRequests: received message: (TestExecution.StartWithSources) -> {
  "AdapterSourceMap": {
    "_none_": [
      "C:\\Users\\Ehlimana\\Desktop\\Pijaca\\Zadatak 2\\bin\\Debug\\net5.0\\fine-code-coverage\\build-output\\Zadatak 2.dll"
    ]
  },
  "RunSettings": "<RunSettings>\r\n  <RunConfiguration>\r\n    <ResultsDirectory>C:\\Users\\Ehlimana\\Desktop\\Pijaca\\Zadatak 2\\bin\\Debug\\net5.0\\fine-code-coverage\\coverage-tool-output</ResultsDirectory>\r\n    <TargetPlatform>X64</TargetPlatform>\r\n    <TargetFrameworkVersion>.NETCoreApp,Version=v5.0</TargetFrameworkVersion>\r\n    <DesignMode>False</DesignMode>\r\n    <CollectSourceInformation>False</CollectSourceInformation>\r\n  </RunConfiguration>\r\n  <LoggerRunSettings>\r\n    <Loggers>\r\n      <Logger friendlyName=\"blame\" enabled=\"True\" />\r\n      <Logger friendlyName=\"Console\" uri=\"logger://microsoft/TestPlatform/ConsoleLogger/v1\" assemblyQualifiedName=\"Microsoft.VisualStudio.TestPlatform.CommandLine.Internal.ConsoleLogger, vstest.console, Version=15.0.0.0, Culture=neutral, PublicKeyToken=b03f5f7f11d50a3a\" codeBase=\"C:\\Program Files\\dotnet\\sdk\\6.0.100\\vstest.console.dll\" enabled=\"True\" />\r\n    </Loggers>\r\n  </LoggerRunSettings>\r\n  <DataCollectionRunSettings>\r\n    <DataCollectors>\r\n      <DataCollector friendlyName=\"blame\" enabled=\"True\">\r\n        <Configuration>\r\n          <ResultsDirectory>C:\\Users\\Ehlimana\\Desktop\\Pijaca\\Zadatak 2\\bin\\Debug\\net5.0\\fine-code-coverage\\coverage-tool-output</ResultsDirectory>\r\n        </Configuration>\r\n      </DataCollector>\r\n    </DataCollectors>\r\n  </DataCollectionRunSettings>\r\n</RunSettings>",
  "TestExecutionContext": {
    "FrequencyOfRunStatsChangeEvent": 10,
    "RunStatsChangeEventTimeout": "00:00:01.5000000",
    "InIsolation": false,
    "KeepAlive": false,
    "AreTestCaseLevelEventsRequired": false,
    "IsDebug": false,
    "TestCaseFilter": null,
    "FilterOptions": null
  },
  "Package": null
}
TpTrace Information: 0 : 6408, 5, 2021/11/15, 13:36:31.736, 9243179374234, testhost.dll, Execution started.
TpTrace Verbose: 0 : 6408, 4, 2021/11/15, 13:36:31.737, 9243179388219, testhost.dll, TestPluginCache.DiscoverTestExtensions: finding test extensions in assemblies ends with: TestAdapter.dll TPluginInfo: Microsoft.VisualStudio.TestPlatform.Common.ExtensionFramework.Utilities.TestExecutorPluginInformation TExtension: Microsoft.VisualStudio.TestPlatform.ObjectModel.Adapter.ITestExecutor
TpTrace Verbose: 0 : 6408, 4, 2021/11/15, 13:36:31.739, 9243179405156, testhost.dll, TestPluginCache.GetExtensionPaths: Filtered extension paths: 
TpTrace Verbose: 0 : 6408, 4, 2021/11/15, 13:36:31.740, 9243179412180, testhost.dll, TestPluginCache.GetExtensionPaths: Added default extension paths: C:\Users\Ehlimana\Desktop\Pijaca\Zadatak 2\bin\Debug\net5.0\fine-code-coverage\build-output\Microsoft.VisualStudio.TestPlatform.MSTest.TestAdapter.dll
TpTrace Verbose: 0 : 6408, 4, 2021/11/15, 13:36:31.740, 9243179413436, testhost.dll, TestPluginCache.GetExtensionPaths: Added unfilterableExtensionPaths: 
TpTrace Information: 0 : 6408, 4, 2021/11/15, 13:36:31.745, 9243179463622, testhost.dll, AssemblyResolver.ctor: Creating AssemblyResolver with searchDirectories C:\Users\Ehlimana\Desktop\Pijaca\Zadatak 2\bin\Debug\net5.0\fine-code-coverage\build-output
TpTrace Verbose: 0 : 6408, 4, 2021/11/15, 13:36:31.748, 9243179490875, testhost.dll, TestPluginCache.DiscoverTestExtensions: Discovering the extensions using extension path.
TpTrace Verbose: 0 : 6408, 4, 2021/11/15, 13:36:31.748, 9243179493194, testhost.dll, TestPluginCache.GetExtensionPaths: Filtered extension paths: 
TpTrace Verbose: 0 : 6408, 4, 2021/11/15, 13:36:31.748, 9243179494406, testhost.dll, TestPluginCache.GetExtensionPaths: Added default extension paths: C:\Users\Ehlimana\Desktop\Pijaca\Zadatak 2\bin\Debug\net5.0\fine-code-coverage\build-output\Microsoft.VisualStudio.TestPlatform.MSTest.TestAdapter.dll
TpTrace Verbose: 0 : 6408, 4, 2021/11/15, 13:36:31.748, 9243179495036, testhost.dll, TestPluginCache.GetExtensionPaths: Added unfilterableExtensionPaths: 
TpTrace Verbose: 0 : 6408, 4, 2021/11/15, 13:36:31.748, 9243179496113, testhost.dll, TestPluginCache.DiscoverTestExtensions: Discovering the extensions using allExtensionPaths: C:\Users\Ehlimana\Desktop\Pijaca\Zadatak 2\bin\Debug\net5.0\fine-code-coverage\build-output\Microsoft.VisualStudio.TestPlatform.MSTest.TestAdapter.dll
TpTrace Information: 0 : 6408, 4, 2021/11/15, 13:36:31.750, 9243179510145, testhost.dll, AssemblyResolver.AddSearchDirectories: Adding more searchDirectories C:\Users\Ehlimana\Desktop\Pijaca\Zadatak 2\bin\Debug\net5.0\fine-code-coverage\build-output
TpTrace Information: 0 : 6408, 4, 2021/11/15, 13:36:31.757, 9243179580515, testhost.dll, AssemblyResolver.OnResolve: Microsoft.VisualStudio.TestPlatform.MSTest.TestAdapter: Resolving assembly.
TpTrace Information: 0 : 6408, 4, 2021/11/15, 13:36:31.759, 9243179608330, testhost.dll, AssemblyResolver.OnResolve: Resolved assembly: Microsoft.VisualStudio.TestPlatform.MSTest.TestAdapter, from path: C:\Users\Ehlimana\Desktop\Pijaca\Zadatak 2\bin\Debug\net5.0\fine-code-coverage\build-output\Microsoft.VisualStudio.TestPlatform.MSTest.TestAdapter.dll
TpTrace Verbose: 0 : 6408, 4, 2021/11/15, 13:36:31.769, 9243179707475, testhost.dll, TestPluginCache: Discovered the extensions using extension path ''.
TpTrace Verbose: 0 : 6408, 4, 2021/11/15, 13:36:31.770, 9243179715335, testhost.dll, TestPluginCache: Discoverers are ''.
TpTrace Verbose: 0 : 6408, 4, 2021/11/15, 13:36:31.770, 9243179716938, testhost.dll, TestPluginCache: Executors are 'executor://MSTestAdapter/v2'.
TpTrace Verbose: 0 : 6408, 4, 2021/11/15, 13:36:31.770, 9243179718157, testhost.dll, TestPluginCache: Executors2 are ''.
TpTrace Verbose: 0 : 6408, 4, 2021/11/15, 13:36:31.770, 9243179719313, testhost.dll, TestPluginCache: Setting providers are ''.
TpTrace Verbose: 0 : 6408, 4, 2021/11/15, 13:36:31.771, 9243179720366, testhost.dll, TestPluginCache: Loggers are ''.
TpTrace Verbose: 0 : 6408, 4, 2021/11/15, 13:36:31.778, 9243179791330, testhost.dll, TestPluginCache.DiscoverTestExtensions: finding test extensions in assemblies ends with: TestAdapter.dll TPluginInfo: Microsoft.VisualStudio.TestPlatform.Common.ExtensionFramework.Utilities.TestExecutorPluginInformation2 TExtension: Microsoft.VisualStudio.TestPlatform.ObjectModel.Adapter.ITestExecutor2
TpTrace Verbose: 0 : 6408, 4, 2021/11/15, 13:36:31.778, 9243179795783, testhost.dll, TestPluginCache.GetExtensionPaths: Filtered extension paths: 
TpTrace Verbose: 0 : 6408, 4, 2021/11/15, 13:36:31.778, 9243179796757, testhost.dll, TestPluginCache.GetExtensionPaths: Added default extension paths: C:\Users\Ehlimana\Desktop\Pijaca\Zadatak 2\bin\Debug\net5.0\fine-code-coverage\build-output\Microsoft.VisualStudio.TestPlatform.MSTest.TestAdapter.dll
TpTrace Verbose: 0 : 6408, 4, 2021/11/15, 13:36:31.778, 9243179797474, testhost.dll, TestPluginCache.GetExtensionPaths: Added unfilterableExtensionPaths: 
TpTrace Information: 0 : 6408, 4, 2021/11/15, 13:36:31.779, 9243179800433, testhost.dll, AssemblyResolver.AddSearchDirectories: Adding more searchDirectories C:\Users\Ehlimana\Desktop\Pijaca\Zadatak 2\bin\Debug\net5.0\fine-code-coverage\build-output
TpTrace Verbose: 0 : 6408, 4, 2021/11/15, 13:36:31.779, 9243179801424, testhost.dll, TestPluginCache.DiscoverTestExtensions: Discovering the extensions using extension path.
TpTrace Verbose: 0 : 6408, 4, 2021/11/15, 13:36:31.779, 9243179802115, testhost.dll, TestPluginCache.GetExtensionPaths: Filtered extension paths: 
TpTrace Verbose: 0 : 6408, 4, 2021/11/15, 13:36:31.779, 9243179802691, testhost.dll, TestPluginCache.GetExtensionPaths: Added default extension paths: C:\Users\Ehlimana\Desktop\Pijaca\Zadatak 2\bin\Debug\net5.0\fine-code-coverage\build-output\Microsoft.VisualStudio.TestPlatform.MSTest.TestAdapter.dll
TpTrace Verbose: 0 : 6408, 4, 2021/11/15, 13:36:31.779, 9243179803262, testhost.dll, TestPluginCache.GetExtensionPaths: Added unfilterableExtensionPaths: 
TpTrace Verbose: 0 : 6408, 4, 2021/11/15, 13:36:31.779, 9243179803857, testhost.dll, TestPluginCache.DiscoverTestExtensions: Discovering the extensions using allExtensionPaths: C:\Users\Ehlimana\Desktop\Pijaca\Zadatak 2\bin\Debug\net5.0\fine-code-coverage\build-output\Microsoft.VisualStudio.TestPlatform.MSTest.TestAdapter.dll
TpTrace Information: 0 : 6408, 4, 2021/11/15, 13:36:31.779, 9243179804719, testhost.dll, AssemblyResolver.AddSearchDirectories: Adding more searchDirectories C:\Users\Ehlimana\Desktop\Pijaca\Zadatak 2\bin\Debug\net5.0\fine-code-coverage\build-output
TpTrace Verbose: 0 : 6408, 4, 2021/11/15, 13:36:31.779, 9243179808730, testhost.dll, TestPluginCache: Discovered the extensions using extension path ''.
TpTrace Verbose: 0 : 6408, 4, 2021/11/15, 13:36:31.780, 9243179810054, testhost.dll, TestPluginCache: Discoverers are ''.
TpTrace Verbose: 0 : 6408, 4, 2021/11/15, 13:36:31.780, 9243179810919, testhost.dll, TestPluginCache: Executors are 'executor://MSTestAdapter/v2'.
TpTrace Verbose: 0 : 6408, 4, 2021/11/15, 13:36:31.780, 9243179812095, testhost.dll, TestPluginCache: Executors2 are ''.
TpTrace Verbose: 0 : 6408, 4, 2021/11/15, 13:36:31.780, 9243179812798, testhost.dll, TestPluginCache: Setting providers are ''.
TpTrace Verbose: 0 : 6408, 4, 2021/11/15, 13:36:31.780, 9243179813373, testhost.dll, TestPluginCache: Loggers are ''.
TpTrace Verbose: 0 : 6408, 5, 2021/11/15, 13:36:31.785, 9243179869090, testhost.dll, TcpClientExtensions.MessageLoopAsync: Polling on remoteEndPoint: [::ffff:127.0.0.1]:53944 localEndPoint: [::ffff:127.0.0.1]:53945
TpTrace Information: 0 : 6408, 4, 2021/11/15, 13:36:31.788, 9243179895350, testhost.dll, TestPluginManager.CreateTestExtension: Attempting to load test extension: Microsoft.VisualStudio.TestPlatform.MSTest.TestAdapter.MSTestExecutor
TpTrace Verbose: 0 : 6408, 4, 2021/11/15, 13:36:31.800, 9243180012892, testhost.dll, TestExecutorExtensionManager: Loading executor Microsoft.VisualStudio.TestPlatform.MSTest.TestAdapter.MSTestExecutor
TpTrace Verbose: 0 : 6408, 4, 2021/11/15, 13:36:31.800, 9243180015760, testhost.dll, TestExecutorService: Loaded the executors
TpTrace Verbose: 0 : 6408, 4, 2021/11/15, 13:36:31.802, 9243180034005, testhost.dll, TestPluginCache.DiscoverTestExtensions: finding test extensions in assemblies ends with: TestAdapter.dll TPluginInfo: Microsoft.VisualStudio.TestPlatform.Common.ExtensionFramework.Utilities.TestSettingsProviderPluginInformation TExtension: Microsoft.VisualStudio.TestPlatform.ObjectModel.Adapter.ISettingsProvider
TpTrace Verbose: 0 : 6408, 4, 2021/11/15, 13:36:31.802, 9243180036896, testhost.dll, TestPluginCache.GetExtensionPaths: Filtered extension paths: 
TpTrace Verbose: 0 : 6408, 4, 2021/11/15, 13:36:31.802, 9243180038988, testhost.dll, TestPluginCache.GetExtensionPaths: Added default extension paths: C:\Users\Ehlimana\Desktop\Pijaca\Zadatak 2\bin\Debug\net5.0\fine-code-coverage\build-output\Microsoft.VisualStudio.TestPlatform.MSTest.TestAdapter.dll
TpTrace Verbose: 0 : 6408, 4, 2021/11/15, 13:36:31.803, 9243180040075, testhost.dll, TestPluginCache.GetExtensionPaths: Added unfilterableExtensionPaths: 
TpTrace Information: 0 : 6408, 4, 2021/11/15, 13:36:31.803, 9243180042556, testhost.dll, AssemblyResolver.AddSearchDirectories: Adding more searchDirectories C:\Users\Ehlimana\Desktop\Pijaca\Zadatak 2\bin\Debug\net5.0\fine-code-coverage\build-output
TpTrace Verbose: 0 : 6408, 4, 2021/11/15, 13:36:31.803, 9243180043608, testhost.dll, TestPluginCache.DiscoverTestExtensions: Discovering the extensions using extension path.
TpTrace Verbose: 0 : 6408, 4, 2021/11/15, 13:36:31.803, 9243180044242, testhost.dll, TestPluginCache.GetExtensionPaths: Filtered extension paths: 
TpTrace Verbose: 0 : 6408, 4, 2021/11/15, 13:36:31.803, 9243180044775, testhost.dll, TestPluginCache.GetExtensionPaths: Added default extension paths: C:\Users\Ehlimana\Desktop\Pijaca\Zadatak 2\bin\Debug\net5.0\fine-code-coverage\build-output\Microsoft.VisualStudio.TestPlatform.MSTest.TestAdapter.dll
TpTrace Verbose: 0 : 6408, 4, 2021/11/15, 13:36:31.803, 9243180045321, testhost.dll, TestPluginCache.GetExtensionPaths: Added unfilterableExtensionPaths: 
TpTrace Verbose: 0 : 6408, 4, 2021/11/15, 13:36:31.803, 9243180045991, testhost.dll, TestPluginCache.DiscoverTestExtensions: Discovering the extensions using allExtensionPaths: C:\Users\Ehlimana\Desktop\Pijaca\Zadatak 2\bin\Debug\net5.0\fine-code-coverage\build-output\Microsoft.VisualStudio.TestPlatform.MSTest.TestAdapter.dll
TpTrace Information: 0 : 6408, 4, 2021/11/15, 13:36:31.803, 9243180047302, testhost.dll, AssemblyResolver.AddSearchDirectories: Adding more searchDirectories C:\Users\Ehlimana\Desktop\Pijaca\Zadatak 2\bin\Debug\net5.0\fine-code-coverage\build-output
TpTrace Verbose: 0 : 6408, 4, 2021/11/15, 13:36:31.804, 9243180052016, testhost.dll, TestPluginCache: Discovered the extensions using extension path ''.
TpTrace Verbose: 0 : 6408, 4, 2021/11/15, 13:36:31.804, 9243180058531, testhost.dll, TestPluginCache: Discoverers are ''.
TpTrace Verbose: 0 : 6408, 4, 2021/11/15, 13:36:31.805, 9243180060205, testhost.dll, TestPluginCache: Executors are 'executor://MSTestAdapter/v2'.
TpTrace Verbose: 0 : 6408, 4, 2021/11/15, 13:36:31.805, 9243180061336, testhost.dll, TestPluginCache: Executors2 are ''.
TpTrace Verbose: 0 : 6408, 4, 2021/11/15, 13:36:31.805, 9243180062157, testhost.dll, TestPluginCache: Setting providers are ''.
TpTrace Verbose: 0 : 6408, 4, 2021/11/15, 13:36:31.805, 9243180062713, testhost.dll, TestPluginCache: Loggers are ''.
TpTrace Verbose: 0 : 6408, 4, 2021/11/15, 13:36:31.807, 9243180080898, testhost.dll, TestExecutorService: Loaded the settings providers
TpTrace Information: 0 : 6408, 4, 2021/11/15, 13:36:31.807, 9243180082219, testhost.dll, TestExecutorService: Loaded the extensions
TpTrace Information: 0 : 6408, 4, 2021/11/15, 13:36:31.926, 9243181276124, testhost.dll, TestDiscoveryManager: Discovering tests from sources C:\Users\Ehlimana\Desktop\Pijaca\Zadatak 2\bin\Debug\net5.0\fine-code-coverage\build-output\Zadatak 2.dll
TpTrace Verbose: 0 : 6408, 4, 2021/11/15, 13:36:31.930, 9243181317898, testhost.dll, TestPluginCache.DiscoverTestExtensions: finding test extensions in assemblies ends with: TestAdapter.dll TPluginInfo: Microsoft.VisualStudio.TestPlatform.Common.ExtensionFramework.Utilities.TestDiscovererPluginInformation TExtension: Microsoft.VisualStudio.TestPlatform.ObjectModel.Adapter.ITestDiscoverer
TpTrace Verbose: 0 : 6408, 4, 2021/11/15, 13:36:31.931, 9243181319894, testhost.dll, TestPluginCache.GetExtensionPaths: Filtered extension paths: 
TpTrace Verbose: 0 : 6408, 4, 2021/11/15, 13:36:31.931, 9243181320440, testhost.dll, TestPluginCache.GetExtensionPaths: Added default extension paths: C:\Users\Ehlimana\Desktop\Pijaca\Zadatak 2\bin\Debug\net5.0\fine-code-coverage\build-output\Microsoft.VisualStudio.TestPlatform.MSTest.TestAdapter.dll
TpTrace Verbose: 0 : 6408, 4, 2021/11/15, 13:36:31.931, 9243181320875, testhost.dll, TestPluginCache.GetExtensionPaths: Added unfilterableExtensionPaths: 
TpTrace Information: 0 : 6408, 4, 2021/11/15, 13:36:31.931, 9243181322456, testhost.dll, AssemblyResolver.AddSearchDirectories: Adding more searchDirectories C:\Users\Ehlimana\Desktop\Pijaca\Zadatak 2\bin\Debug\net5.0\fine-code-coverage\build-output
TpTrace Verbose: 0 : 6408, 4, 2021/11/15, 13:36:31.931, 9243181323015, testhost.dll, TestPluginCache.DiscoverTestExtensions: Discovering the extensions using extension path.
TpTrace Verbose: 0 : 6408, 4, 2021/11/15, 13:36:31.931, 9243181323412, testhost.dll, TestPluginCache.GetExtensionPaths: Filtered extension paths: 
TpTrace Verbose: 0 : 6408, 4, 2021/11/15, 13:36:31.931, 9243181323737, testhost.dll, TestPluginCache.GetExtensionPaths: Added default extension paths: C:\Users\Ehlimana\Desktop\Pijaca\Zadatak 2\bin\Debug\net5.0\fine-code-coverage\build-output\Microsoft.VisualStudio.TestPlatform.MSTest.TestAdapter.dll
TpTrace Verbose: 0 : 6408, 4, 2021/11/15, 13:36:31.931, 9243181324067, testhost.dll, TestPluginCache.GetExtensionPaths: Added unfilterableExtensionPaths: 
TpTrace Verbose: 0 : 6408, 4, 2021/11/15, 13:36:31.931, 9243181324443, testhost.dll, TestPluginCache.DiscoverTestExtensions: Discovering the extensions using allExtensionPaths: C:\Users\Ehlimana\Desktop\Pijaca\Zadatak 2\bin\Debug\net5.0\fine-code-coverage\build-output\Microsoft.VisualStudio.TestPlatform.MSTest.TestAdapter.dll
TpTrace Information: 0 : 6408, 4, 2021/11/15, 13:36:31.931, 9243181325147, testhost.dll, AssemblyResolver.AddSearchDirectories: Adding more searchDirectories C:\Users\Ehlimana\Desktop\Pijaca\Zadatak 2\bin\Debug\net5.0\fine-code-coverage\build-output
TpTrace Verbose: 0 : 6408, 4, 2021/11/15, 13:36:31.935, 9243181361529, testhost.dll, TestPluginCache: Discovered the extensions using extension path ''.
TpTrace Verbose: 0 : 6408, 4, 2021/11/15, 13:36:31.935, 9243181363342, testhost.dll, TestPluginCache: Discoverers are 'Microsoft.VisualStudio.TestPlatform.MSTest.TestAdapter.MSTestDiscoverer, Microsoft.VisualStudio.TestPlatform.MSTest.TestAdapter, Version=14.0.0.0, Culture=neutral, PublicKeyToken=b03f5f7f11d50a3a'.
TpTrace Verbose: 0 : 6408, 4, 2021/11/15, 13:36:31.935, 9243181364315, testhost.dll, TestPluginCache: Executors are 'executor://MSTestAdapter/v2'.
TpTrace Verbose: 0 : 6408, 4, 2021/11/15, 13:36:31.935, 9243181365079, testhost.dll, TestPluginCache: Executors2 are ''.
TpTrace Verbose: 0 : 6408, 4, 2021/11/15, 13:36:31.935, 9243181365726, testhost.dll, TestPluginCache: Setting providers are ''.
TpTrace Verbose: 0 : 6408, 4, 2021/11/15, 13:36:31.935, 9243181366359, testhost.dll, TestPluginCache: Loggers are ''.
TpTrace Verbose: 0 : 6408, 4, 2021/11/15, 13:36:31.945, 9243181459888, testhost.dll, BaseRunTests.RunTestInternalWithExecutors: Running tests for executor://MSTestAdapter/v2
TpTrace Information: 0 : 6408, 4, 2021/11/15, 13:36:31.946, 9243181473118, testhost.dll, AssemblyResolver.OnResolve: Microsoft.VisualStudio.TestPlatform.MSTestAdapter.PlatformServices.Interface: Resolving assembly.
TpTrace Information: 0 : 6408, 4, 2021/11/15, 13:36:31.947, 9243181485508, testhost.dll, AssemblyResolver.OnResolve: Resolved assembly: Microsoft.VisualStudio.TestPlatform.MSTestAdapter.PlatformServices.Interface, from path: C:\Users\Ehlimana\Desktop\Pijaca\Zadatak 2\bin\Debug\net5.0\fine-code-coverage\build-output\Microsoft.VisualStudio.TestPlatform.MSTestAdapter.PlatformServices.Interface.dll
TpTrace Information: 0 : 6408, 4, 2021/11/15, 13:36:31.949, 9243181502463, testhost.dll, AssemblyResolver.OnResolve: Microsoft.VisualStudio.TestPlatform.MSTestAdapter.PlatformServices: Resolving assembly.
TpTrace Information: 0 : 6408, 4, 2021/11/15, 13:36:31.950, 9243181513228, testhost.dll, AssemblyResolver.OnResolve: Resolved assembly: Microsoft.VisualStudio.TestPlatform.MSTestAdapter.PlatformServices, from path: C:\Users\Ehlimana\Desktop\Pijaca\Zadatak 2\bin\Debug\net5.0\fine-code-coverage\build-output\Microsoft.VisualStudio.TestPlatform.MSTestAdapter.PlatformServices.dll
TpTrace Information: 0 : 6408, 4, 2021/11/15, 13:36:31.950, 9243181518661, testhost.dll, MSTest - MSTestExecutor.RunTests: Running tests from sources.
TpTrace Information: 0 : 6408, 4, 2021/11/15, 13:36:31.954, 9243181559270, testhost.dll, MSTest - CollectSourceInformation value Found : False 
TpTrace Information: 0 : 6408, 4, 2021/11/15, 13:36:31.982, 9243181832188, testhost.dll, AssemblyResolver.OnResolve: Microsoft.TestPlatform.AdapterUtilities: Resolving assembly.
TpTrace Information: 0 : 6408, 4, 2021/11/15, 13:36:31.983, 9243181844634, testhost.dll, AssemblyResolver.OnResolve: Resolved assembly: Microsoft.TestPlatform.AdapterUtilities, from path: C:\Users\Ehlimana\Desktop\Pijaca\Zadatak 2\bin\Debug\net5.0\fine-code-coverage\build-output\Microsoft.TestPlatform.AdapterUtilities.dll
TpTrace Information: 0 : 6408, 4, 2021/11/15, 13:36:32.000, 9243182013130, testhost.dll, MSTest - MSTestDiscoverer: Found 5 tests from source C:\Users\Ehlimana\Desktop\Pijaca\Zadatak 2\bin\Debug\net5.0\fine-code-coverage\build-output\Zadatak 2.dll
TpTrace Information: 0 : 6408, 4, 2021/11/15, 13:36:32.018, 9243182199392, testhost.dll, AssemblyResolver.OnResolve: Microsoft.VisualStudio.TestPlatform.MSTestAdapter.PlatformServices.resources: Resolving assembly.
TpTrace Information: 0 : 6408, 4, 2021/11/15, 13:36:32.019, 9243182202083, testhost.dll, AssemblyResolver.OnResolve: Microsoft.VisualStudio.TestPlatform.MSTestAdapter.PlatformServices.resources: Failed to load assembly.
TpTrace Information: 0 : 6408, 4, 2021/11/15, 13:36:32.019, 9243182208495, testhost.dll, AssemblyResolver.OnResolve: Microsoft.VisualStudio.TestPlatform.MSTestAdapter.PlatformServices.resources: Resolving assembly.
TpTrace Information: 0 : 6408, 4, 2021/11/15, 13:36:32.019, 9243182209524, testhost.dll, AssemblyResolver.OnResolve: Microsoft.VisualStudio.TestPlatform.MSTestAdapter.PlatformServices.resources: Resolved from cache.
TpTrace Information: 0 : 6408, 4, 2021/11/15, 13:36:32.038, 9243182397339, testhost.dll, MSTest - Created unit-test runner C:\Users\Ehlimana\Desktop\Pijaca\Zadatak 2\bin\Debug\net5.0\fine-code-coverage\build-output\Zadatak 2.dll
TpTrace Verbose: 0 : 6408, 4, 2021/11/15, 13:36:32.044, 9243182451547, testhost.dll, TestExecutionRecorder.RecordStart: Starting test: Zadatak_2.TDD.TestZamjenskiObjekat.
TpTrace Information: 0 : 6408, 4, 2021/11/15, 13:36:32.129, 9243183300341, testhost.dll, MSTest - Executing test TestZamjenskiObjekat
TpTrace Information: 0 : 6408, 4, 2021/11/15, 13:36:32.211, 9243184122511, testhost.dll, MSTest - Executed test TestZamjenskiObjekat
TpTrace Verbose: 0 : 6408, 4, 2021/11/15, 13:36:32.218, 9243184191615, testhost.dll, TestExecutionRecorder.RecordEnd: test: Zadatak_2.TDD.TestZamjenskiObjekat execution completed.
TpTrace Verbose: 0 : 6408, 4, 2021/11/15, 13:36:32.240, 9243184413858, testhost.dll, TestExecutionRecorder.RecordResult: Received result for test: Zadatak_2.TDD.TestZamjenskiObjekat.
TpTrace Warning: 0 : 6408, 4, 2021/11/15, 13:36:32.246, 9243184478250, testhost.dll, TestRunCache: InProgressTests is null
TpTrace Warning: 0 : 6408, 4, 2021/11/15, 13:36:32.247, 9243184481273, testhost.dll, TestRunCache: No test found corresponding to testResult '' in inProgress list.
TpTrace Verbose: 0 : 6408, 4, 2021/11/15, 13:36:32.247, 9243184483054, testhost.dll, TestExecutionRecorder.RecordStart: Starting test: Zadatak_2.TDD.DodavanjeMesnihProizvoda.
TpTrace Information: 0 : 6408, 4, 2021/11/15, 13:36:32.249, 9243184501947, testhost.dll, MSTest - Executing test DodavanjeMesnihProizvoda
TpTrace Information: 0 : 6408, 4, 2021/11/15, 13:36:32.259, 9243184607002, testhost.dll, AssemblyResolver.OnResolve: Microsoft.VisualStudio.TestPlatform.MSTest.TestAdapter.resources: Resolving assembly.
TpTrace Information: 0 : 6408, 4, 2021/11/15, 13:36:32.259, 9243184609395, testhost.dll, AssemblyResolver.OnResolve: Microsoft.VisualStudio.TestPlatform.MSTest.TestAdapter.resources: Failed to load assembly.
TpTrace Information: 0 : 6408, 4, 2021/11/15, 13:36:32.292, 9243184935556, testhost.dll, MSTest - Executed test DodavanjeMesnihProizvoda
TpTrace Verbose: 0 : 6408, 4, 2021/11/15, 13:36:32.292, 9243184937372, testhost.dll, TestExecutionRecorder.RecordEnd: test: Zadatak_2.TDD.DodavanjeMesnihProizvoda execution completed.
TpTrace Information: 0 : 6408, 4, 2021/11/15, 13:36:32.294, 9243184953750, testhost.dll, MSTest - MSTestExecutor:Test Zadatak_2.TDD.DodavanjeMesnihProizvoda failed. ErrorMessage:Test method Zadatak_2.TDD.DodavanjeMesnihProizvoda threw exception: 
System.NotImplementedException: The method or operation is not implemented., ErrorStackTrace:    at Pijaca.Proizvod.GenerišiŠifru(Boolean domaći) in C:\Users\Ehlimana\Desktop\Pijaca\Pijaca\Proizvod.cs:line 159
   at Pijaca.Proizvod..ctor(Namirnica vrsta, String ime, Int32 kolicina, DateTime datum, Double cijena, Boolean domaci) in C:\Users\Ehlimana\Desktop\Pijaca\Pijaca\Proizvod.cs:line 132
   at Zadatak_2.TDD.DodavanjeMesnihProizvoda() in C:\Users\Ehlimana\Desktop\Pijaca\Zadatak 2\TDD.cs:line 51
.
TpTrace Verbose: 0 : 6408, 4, 2021/11/15, 13:36:32.295, 9243184960473, testhost.dll, TestExecutionRecorder.RecordResult: Received result for test: Zadatak_2.TDD.DodavanjeMesnihProizvoda.
TpTrace Warning: 0 : 6408, 4, 2021/11/15, 13:36:32.295, 9243184961513, testhost.dll, TestRunCache: InProgressTests is null
TpTrace Warning: 0 : 6408, 4, 2021/11/15, 13:36:32.295, 9243184961899, testhost.dll, TestRunCache: No test found corresponding to testResult '' in inProgress list.
TpTrace Verbose: 0 : 6408, 4, 2021/11/15, 13:36:32.295, 9243184962506, testhost.dll, TestExecutionRecorder.RecordStart: Starting test: Zadatak_2.TDD.DodavanjeVoćaIBrisanje.
TpTrace Information: 0 : 6408, 4, 2021/11/15, 13:36:32.296, 9243184977155, testhost.dll, MSTest - Executing test DodavanjeVoćaIBrisanje
TpTrace Information: 0 : 6408, 4, 2021/11/15, 13:36:32.298, 9243184998898, testhost.dll, MSTest - Executed test DodavanjeVoćaIBrisanje
TpTrace Verbose: 0 : 6408, 4, 2021/11/15, 13:36:32.299, 9243185000111, testhost.dll, TestExecutionRecorder.RecordEnd: test: Zadatak_2.TDD.DodavanjeVoćaIBrisanje execution completed.
TpTrace Information: 0 : 6408, 4, 2021/11/15, 13:36:32.478, 9243186795788, testhost.dll, MSTest - MSTestExecutor:Test Zadatak_2.TDD.DodavanjeVoćaIBrisanje failed. ErrorMessage:Test method Zadatak_2.TDD.DodavanjeVoćaIBrisanje threw exception: 
System.NotImplementedException: The method or operation is not implemented., ErrorStackTrace:    at Pijaca.Proizvod.GenerišiŠifru(Boolean domaći) in C:\Users\Ehlimana\Desktop\Pijaca\Pijaca\Proizvod.cs:line 159
   at Pijaca.Proizvod..ctor(Namirnica vrsta, String ime, Int32 kolicina, DateTime datum, Double cijena, Boolean domaci) in C:\Users\Ehlimana\Desktop\Pijaca\Pijaca\Proizvod.cs:line 132
   at Zadatak_2.TDD.DodavanjeVoćaIBrisanje() in C:\Users\Ehlimana\Desktop\Pijaca\Zadatak 2\TDD.cs:line 72
.
TpTrace Verbose: 0 : 6408, 4, 2021/11/15, 13:36:32.478, 9243186797538, testhost.dll, TestExecutionRecorder.RecordResult: Received result for test: Zadatak_2.TDD.DodavanjeVoćaIBrisanje.
TpTrace Warning: 0 : 6408, 4, 2021/11/15, 13:36:32.478, 9243186798600, testhost.dll, TestRunCache: InProgressTests is null
TpTrace Warning: 0 : 6408, 4, 2021/11/15, 13:36:32.478, 9243186799220, testhost.dll, TestRunCache: No test found corresponding to testResult '' in inProgress list.
TpTrace Verbose: 0 : 6408, 4, 2021/11/15, 13:36:32.479, 9243186800149, testhost.dll, TestExecutionRecorder.RecordStart: Starting test: Zadatak_2.TDD.NepodržaniTipDodavanja.
TpTrace Information: 0 : 6408, 4, 2021/11/15, 13:36:32.481, 9243186822460, testhost.dll, MSTest - Executing test NepodržaniTipDodavanja
TpTrace Information: 0 : 6408, 4, 2021/11/15, 13:36:32.483, 9243186845721, testhost.dll, AssemblyResolver.OnResolve: Microsoft.VisualStudio.TestPlatform.TestFramework.resources: Resolving assembly.
TpTrace Information: 0 : 6408, 4, 2021/11/15, 13:36:32.483, 9243186848233, testhost.dll, AssemblyResolver.OnResolve: Microsoft.VisualStudio.TestPlatform.TestFramework.resources: Failed to load assembly.
TpTrace Information: 0 : 6408, 4, 2021/11/15, 13:36:32.484, 9243186859354, testhost.dll, MSTest - Executed test NepodržaniTipDodavanja
TpTrace Verbose: 0 : 6408, 4, 2021/11/15, 13:36:32.485, 9243186860399, testhost.dll, TestExecutionRecorder.RecordEnd: test: Zadatak_2.TDD.NepodržaniTipDodavanja execution completed.
TpTrace Information: 0 : 6408, 4, 2021/11/15, 13:36:32.486, 9243186873833, testhost.dll, MSTest - MSTestExecutor:Test Zadatak_2.TDD.NepodržaniTipDodavanja failed. ErrorMessage:Test method threw exception System.NotImplementedException, but exception System.InvalidOperationException was expected. Exception message: System.NotImplementedException: The method or operation is not implemented., ErrorStackTrace:   at Pijaca.Proizvod.GenerišiŠifru(Boolean domaći) in C:\Users\Ehlimana\Desktop\Pijaca\Pijaca\Proizvod.cs:line 159
   at Pijaca.Proizvod..ctor(Namirnica vrsta, String ime, Int32 kolicina, DateTime datum, Double cijena, Boolean domaci) in C:\Users\Ehlimana\Desktop\Pijaca\Pijaca\Proizvod.cs:line 132
   at Zadatak_2.TDD.NepodržaniTipDodavanja() in C:\Users\Ehlimana\Desktop\Pijaca\Zadatak 2\TDD.cs:line 97
.
TpTrace Verbose: 0 : 6408, 4, 2021/11/15, 13:36:32.486, 9243186875019, testhost.dll, TestExecutionRecorder.RecordResult: Received result for test: Zadatak_2.TDD.NepodržaniTipDodavanja.
TpTrace Warning: 0 : 6408, 4, 2021/11/15, 13:36:32.486, 9243186875723, testhost.dll, TestRunCache: InProgressTests is null
TpTrace Warning: 0 : 6408, 4, 2021/11/15, 13:36:32.486, 9243186876124, testhost.dll, TestRunCache: No test found corresponding to testResult '' in inProgress list.
TpTrace Verbose: 0 : 6408, 4, 2021/11/15, 13:36:32.486, 9243186876872, testhost.dll, TestExecutionRecorder.RecordStart: Starting test: Zadatak_2.TDD.NemogućeDodavanjeUzBrisanje.
TpTrace Information: 0 : 6408, 4, 2021/11/15, 13:36:32.488, 9243186889996, testhost.dll, MSTest - Executing test NemogućeDodavanjeUzBrisanje
TpTrace Information: 0 : 6408, 4, 2021/11/15, 13:36:32.489, 9243186902624, testhost.dll, MSTest - Executed test NemogućeDodavanjeUzBrisanje
TpTrace Verbose: 0 : 6408, 4, 2021/11/15, 13:36:32.489, 9243186903691, testhost.dll, TestExecutionRecorder.RecordEnd: test: Zadatak_2.TDD.NemogućeDodavanjeUzBrisanje execution completed.
TpTrace Information: 0 : 6408, 4, 2021/11/15, 13:36:32.491, 9243186924679, testhost.dll, MSTest - MSTestExecutor:Test Zadatak_2.TDD.NemogućeDodavanjeUzBrisanje failed. ErrorMessage:Test method threw exception System.NotImplementedException, but exception System.InvalidOperationException was expected. Exception message: System.NotImplementedException: The method or operation is not implemented., ErrorStackTrace:   at Pijaca.Proizvod.GenerišiŠifru(Boolean domaći) in C:\Users\Ehlimana\Desktop\Pijaca\Pijaca\Proizvod.cs:line 159
   at Pijaca.Proizvod..ctor(Namirnica vrsta, String ime, Int32 kolicina, DateTime datum, Double cijena, Boolean domaci) in C:\Users\Ehlimana\Desktop\Pijaca\Pijaca\Proizvod.cs:line 132
   at Zadatak_2.TDD.NemogućeDodavanjeUzBrisanje() in C:\Users\Ehlimana\Desktop\Pijaca\Zadatak 2\TDD.cs:line 110
.
TpTrace Verbose: 0 : 6408, 4, 2021/11/15, 13:36:32.491, 9243186926178, testhost.dll, TestExecutionRecorder.RecordResult: Received result for test: Zadatak_2.TDD.NemogućeDodavanjeUzBrisanje.
TpTrace Warning: 0 : 6408, 4, 2021/11/15, 13:36:32.491, 9243186927358, testhost.dll, TestRunCache: InProgressTests is null
TpTrace Warning: 0 : 6408, 4, 2021/11/15, 13:36:32.491, 9243186927962, testhost.dll, TestRunCache: No test found corresponding to testResult '' in inProgress list.
TpTrace Information: 0 : 6408, 4, 2021/11/15, 13:36:32.492, 9243186931129, testhost.dll, MSTest - Executing cleanup methods.
TpTrace Information: 0 : 6408, 4, 2021/11/15, 13:36:32.494, 9243186952875, testhost.dll, MSTest - Executed cleanup methods.
TpTrace Information: 0 : 6408, 4, 2021/11/15, 13:36:32.494, 9243186954496, testhost.dll, MSTest - Executed tests belonging to source C:\Users\Ehlimana\Desktop\Pijaca\Zadatak 2\bin\Debug\net5.0\fine-code-coverage\build-output\Zadatak 2.dll
TpTrace Verbose: 0 : 6408, 4, 2021/11/15, 13:36:32.495, 9243186962333, testhost.dll, BaseRunTests.RunTestInternalWithExecutors: Completed running tests for executor://MSTestAdapter/v2
TpTrace Information: 0 : 6408, 4, 2021/11/15, 13:36:32.501, 9243187020171, testhost.dll, Sending test run complete
TpTrace Verbose: 0 : 6408, 4, 2021/11/15, 13:36:32.561, 9243187619788, testhost.dll, TestRequestHandler.SendData:  sending data from testhost: {"Version":5,"MessageType":"TestExecution.Completed","Payload":{"TestRunCompleteArgs":{"TestRunStatistics":{"ExecutedTests":5,"Stats":{"Passed":1,"Failed":4}},"IsCanceled":false,"IsAborted":false,"Error":null,"AttachmentSets":[],"ElapsedTimeInRunningTests":"00:00:00.5575871","Metrics":{}},"LastRunTests":{"NewTestResults":[{"TestCase":{"Id":"cd075b4d-61b2-de77-403b-0cfb69a56f47","FullyQualifiedName":"Zadatak_2.TDD.TestZamjenskiObjekat","DisplayName":"TestZamjenskiObjekat","ExecutorUri":"executor://MSTestAdapter/v2","Source":"C:\\Users\\Ehlimana\\Desktop\\Pijaca\\Zadatak 2\\bin\\Debug\\net5.0\\fine-code-coverage\\build-output\\Zadatak 2.dll","CodeFilePath":null,"LineNumber":-1,"Properties":[{"Key":{"Id":"TestCase.ManagedType","Label":"ManagedType","Category":"","Description":"","Attributes":1,"ValueType":"System.String"},"Value":"Zadatak_2.TDD"},{"Key":{"Id":"TestCase.ManagedMethod","Label":"ManagedMethod","Category":"","Description":"","Attributes":1,"ValueType":"System.String"},"Value":"TestZamjenskiObjekat"},{"Key":{"Id":"MSTestDiscoverer.TestClassName","Label":"ClassName","Category":"","Description":"","Attributes":1,"ValueType":"System.String"},"Value":"Zadatak_2.TDD"},{"Key":{"Id":"TestObject.Traits","Label":"Traits","Category":"","Description":"","Attributes":5,"ValueType":"System.Collections.Generic.KeyValuePair`2[[System.String],[System.String]][]"},"Value":[]}]},"Attachments":[],"Outcome":1,"ErrorMessage":null,"ErrorStackTrace":null,"DisplayName":null,"Messages":[],"ComputerName":null,"Duration":"00:00:00.0289062","StartTime":"2021-11-15T13:36:32.1288978+01:00","EndTime":"2021-11-15T13:36:32.2114193+01:00","Properties":[{"Key":{"Id":"ExecutionId","Label":"ExecutionId","Category":"","Description":"","Attributes":1,"ValueType":"System.Guid"},"Value":"00000000-0000-0000-0000-000000000000"},{"Key":{"Id":"ParentExecId","Label":"ParentExecId","Category":"","Description":"","Attributes":1,"ValueType":"System.Guid"},"Value":"00000000-0000-0000-0000-000000000000"},{"Key":{"Id":"InnerResultsCount","Label":"InnerResultsCount","Category":"","Description":"","Attributes":1,"ValueType":"System.Int32"},"Value":0}]},{"TestCase":{"Id":"3a1d8414-af96-8075-3e91-63006d286d73","FullyQualifiedName":"Zadatak_2.TDD.DodavanjeMesnihProizvoda","DisplayName":"DodavanjeMesnihProizvoda","ExecutorUri":"executor://MSTestAdapter/v2","Source":"C:\\Users\\Ehlimana\\Desktop\\Pijaca\\Zadatak 2\\bin\\Debug\\net5.0\\fine-code-coverage\\build-output\\Zadatak 2.dll","CodeFilePath":null,"LineNumber":-1,"Properties":[{"Key":{"Id":"TestCase.ManagedType","Label":"ManagedType","Category":"","Description":"","Attributes":1,"ValueType":"System.String"},"Value":"Zadatak_2.TDD"},{"Key":{"Id":"TestCase.ManagedMethod","Label":"ManagedMethod","Category":"","Description":"","Attributes":1,"ValueType":"System.String"},"Value":"DodavanjeMesnihProizvoda"},{"Key":{"Id":"MSTestDiscoverer.TestClassName","Label":"ClassName","Category":"","Description":"","Attributes":1,"ValueType":"System.String"},"Value":"Zadatak_2.TDD"},{"Key":{"Id":"TestObject.Traits","Label":"Traits","Category":"","Description":"","Attributes":5,"ValueType":"System.Collections.Generic.KeyValuePair`2[[System.String],[System.String]][]"},"Value":[]}]},"Attachments":[],"Outcome":2,"ErrorMessage":"Test method Zadatak_2.TDD.DodavanjeMesnihProizvoda threw exception: \r\nSystem.NotImplementedException: The method or operation is not implemented.","ErrorStackTrace":"    at Pijaca.Proizvod.GenerišiŠifru(Boolean domaći) in C:\\Users\\Ehlimana\\Desktop\\Pijaca\\Pijaca\\Proizvod.cs:line 159\r\n   at Pijaca.Proizvod..ctor(Namirnica vrsta, String ime, Int32 kolicina, DateTime datum, Double cijena, Boolean domaci) in C:\\Users\\Ehlimana\\Desktop\\Pijaca\\Pijaca\\Proizvod.cs:line 132\r\n   at Zadatak_2.TDD.DodavanjeMesnihProizvoda() in C:\\Users\\Ehlimana\\Desktop\\Pijaca\\Zadatak 2\\TDD.cs:line 51\r\n","DisplayName":null,"Messages":[],"ComputerName":null,"Duration":"00:00:00.0418211","StartTime":"2021-11-15T13:36:32.2492155+01:00","EndTime":"2021-11-15T13:36:32.2927287+01:00","Properties":[{"Key":{"Id":"ExecutionId","Label":"ExecutionId","Category":"","Description":"","Attributes":1,"ValueType":"System.Guid"},"Value":"00000000-0000-0000-0000-000000000000"},{"Key":{"Id":"ParentExecId","Label":"ParentExecId","Category":"","Description":"","Attributes":1,"ValueType":"System.Guid"},"Value":"00000000-0000-0000-0000-000000000000"},{"Key":{"Id":"InnerResultsCount","Label":"InnerResultsCount","Category":"","Description":"","Attributes":1,"ValueType":"System.Int32"},"Value":0}]},{"TestCase":{"Id":"3f4528f8-6f76-6b66-8987-b10996504e89","FullyQualifiedName":"Zadatak_2.TDD.DodavanjeVoćaIBrisanje","DisplayName":"DodavanjeVoćaIBrisanje","ExecutorUri":"executor://MSTestAdapter/v2","Source":"C:\\Users\\Ehlimana\\Desktop\\Pijaca\\Zadatak 2\\bin\\Debug\\net5.0\\fine-code-coverage\\build-output\\Zadatak 2.dll","CodeFilePath":null,"LineNumber":-1,"Properties":[{"Key":{"Id":"TestCase.ManagedType","Label":"ManagedType","Category":"","Description":"","Attributes":1,"ValueType":"System.String"},"Value":"Zadatak_2.TDD"},{"Key":{"Id":"TestCase.ManagedMethod","Label":"ManagedMethod","Category":"","Description":"","Attributes":1,"ValueType":"System.String"},"Value":"DodavanjeVoćaIBrisanje"},{"Key":{"Id":"MSTestDiscoverer.TestClassName","Label":"ClassName","Category":"","Description":"","Attributes":1,"ValueType":"System.String"},"Value":"Zadatak_2.TDD"},{"Key":{"Id":"TestObject.Traits","Label":"Traits","Category":"","Description":"","Attributes":5,"ValueType":"System.Collections.Generic.KeyValuePair`2[[System.String],[System.String]][]"},"Value":[]}]},"Attachments":[],"Outcome":2,"ErrorMessage":"Test method Zadatak_2.TDD.DodavanjeVoćaIBrisanje threw exception: \r\nSystem.NotImplementedException: The method or operation is not implemented.","ErrorStackTrace":"    at Pijaca.Proizvod.GenerišiŠifru(Boolean domaći) in C:\\Users\\Ehlimana\\Desktop\\Pijaca\\Pijaca\\Proizvod.cs:line 159\r\n   at Pijaca.Proizvod..ctor(Namirnica vrsta, String ime, Int32 kolicina, DateTime datum, Double cijena, Boolean domaci) in C:\\Users\\Ehlimana\\Desktop\\Pijaca\\Pijaca\\Proizvod.cs:line 132\r\n   at Zadatak_2.TDD.DodavanjeVoćaIBrisanje() in C:\\Users\\Ehlimana\\Desktop\\Pijaca\\Zadatak 2\\TDD.cs:line 72\r\n","DisplayName":null,"Messages":[],"ComputerName":null,"Duration":"00:00:00.0018593","StartTime":"2021-11-15T13:36:32.2967382+01:00","EndTime":"2021-11-15T13:36:32.2990359+01:00","Properties":[{"Key":{"Id":"ExecutionId","Label":"ExecutionId","Category":"","Description":"","Attributes":1,"ValueType":"System.Guid"},"Value":"00000000-0000-0000-0000-000000000000"},{"Key":{"Id":"ParentExecId","Label":"ParentExecId","Category":"","Description":"","Attributes":1,"ValueType":"System.Guid"},"Value":"00000000-0000-0000-0000-000000000000"},{"Key":{"Id":"InnerResultsCount","Label":"InnerResultsCount","Category":"","Description":"","Attributes":1,"ValueType":"System.Int32"},"Value":0}]},{"TestCase":{"Id":"94f032db-9346-302f-6689-ffa07b4ffe55","FullyQualifiedName":"Zadatak_2.TDD.NepodržaniTipDodavanja","DisplayName":"NepodržaniTipDodavanja","ExecutorUri":"executor://MSTestAdapter/v2","Source":"C:\\Users\\Ehlimana\\Desktop\\Pijaca\\Zadatak 2\\bin\\Debug\\net5.0\\fine-code-coverage\\build-output\\Zadatak 2.dll","CodeFilePath":null,"LineNumber":-1,"Properties":[{"Key":{"Id":"TestCase.ManagedType","Label":"ManagedType","Category":"","Description":"","Attributes":1,"ValueType":"System.String"},"Value":"Zadatak_2.TDD"},{"Key":{"Id":"TestCase.ManagedMethod","Label":"ManagedMethod","Category":"","Description":"","Attributes":1,"ValueType":"System.String"},"Value":"NepodržaniTipDodavanja"},{"Key":{"Id":"MSTestDiscoverer.TestClassName","Label":"ClassName","Category":"","Description":"","Attributes":1,"ValueType":"System.String"},"Value":"Zadatak_2.TDD"},{"Key":{"Id":"TestObject.Traits","Label":"Traits","Category":"","Description":"","Attributes":5,"ValueType":"System.Collections.Generic.KeyValuePair`2[[System.String],[System.String]][]"},"Value":[]}]},"Attachments":[],"Outcome":2,"ErrorMessage":"Test method threw exception System.NotImplementedException, but exception System.InvalidOperationException was expected. Exception message: System.NotImplementedException: The method or operation is not implemented.","ErrorStackTrace":"   at Pijaca.Proizvod.GenerišiŠifru(Boolean domaći) in C:\\Users\\Ehlimana\\Desktop\\Pijaca\\Pijaca\\Proizvod.cs:line 159\r\n   at Pijaca.Proizvod..ctor(Namirnica vrsta, String ime, Int32 kolicina, DateTime datum, Double cijena, Boolean domaci) in C:\\Users\\Ehlimana\\Desktop\\Pijaca\\Pijaca\\Proizvod.cs:line 132\r\n   at Zadatak_2.TDD.NepodržaniTipDodavanja() in C:\\Users\\Ehlimana\\Desktop\\Pijaca\\Zadatak 2\\TDD.cs:line 97\r\n","DisplayName":null,"Messages":[],"ComputerName":null,"Duration":"00:00:00.0031868","StartTime":"2021-11-15T13:36:32.481268+01:00","EndTime":"2021-11-15T13:36:32.4850643+01:00","Properties":[{"Key":{"Id":"ExecutionId","Label":"ExecutionId","Category":"","Description":"","Attributes":1,"ValueType":"System.Guid"},"Value":"00000000-0000-0000-0000-000000000000"},{"Key":{"Id":"ParentExecId","Label":"ParentExecId","Category":"","Description":"","Attributes":1,"ValueType":"System.Guid"},"Value":"00000000-0000-0000-0000-000000000000"},{"Key":{"Id":"InnerResultsCount","Label":"InnerResultsCount","Category":"","Description":"","Attributes":1,"ValueType":"System.Int32"},"Value":0}]},{"TestCase":{"Id":"0e86f05c-b4ae-450e-5451-e8f8450dc484","FullyQualifiedName":"Zadatak_2.TDD.NemogućeDodavanjeUzBrisanje","DisplayName":"NemogućeDodavanjeUzBrisanje","ExecutorUri":"executor://MSTestAdapter/v2","Source":"C:\\Users\\Ehlimana\\Desktop\\Pijaca\\Zadatak 2\\bin\\Debug\\net5.0\\fine-code-coverage\\build-output\\Zadatak 2.dll","CodeFilePath":null,"LineNumber":-1,"Properties":[{"Key":{"Id":"TestCase.ManagedType","Label":"ManagedType","Category":"","Description":"","Attributes":1,"ValueType":"System.String"},"Value":"Zadatak_2.TDD"},{"Key":{"Id":"TestCase.ManagedMethod","Label":"ManagedMethod","Category":"","Description":"","Attributes":1,"ValueType":"System.String"},"Value":"NemogućeDodavanjeUzBrisanje"},{"Key":{"Id":"MSTestDiscoverer.TestClassName","Label":"ClassName","Category":"","Description":"","Attributes":1,"ValueType":"System.String"},"Value":"Zadatak_2.TDD"},{"Key":{"Id":"TestObject.Traits","Label":"Traits","Category":"","Description":"","Attributes":5,"ValueType":"System.Collections.Generic.KeyValuePair`2[[System.String],[System.String]][]"},"Value":[]}]},"Attachments":[],"Outcome":2,"ErrorMessage":"Test method threw exception System.NotImplementedException, but exception System.InvalidOperationException was expected. Exception message: System.NotImplementedException: The method or operation is not implemented.","ErrorStackTrace":"   at Pijaca.Proizvod.GenerišiŠifru(Boolean domaći) in C:\\Users\\Ehlimana\\Desktop\\Pijaca\\Pijaca\\Proizvod.cs:line 159\r\n   at Pijaca.Proizvod..ctor(Namirnica vrsta, String ime, Int32 kolicina, DateTime datum, Double cijena, Boolean domaci) in C:\\Users\\Ehlimana\\Desktop\\Pijaca\\Pijaca\\Proizvod.cs:line 132\r\n   at Zadatak_2.TDD.NemogućeDodavanjeUzBrisanje() in C:\\Users\\Ehlimana\\Desktop\\Pijaca\\Zadatak 2\\TDD.cs:line 110\r\n","DisplayName":null,"Messages":[],"ComputerName":null,"Duration":"00:00:00.0009283","StartTime":"2021-11-15T13:36:32.4880246+01:00","EndTime":"2021-11-15T13:36:32.4893885+01:00","Properties":[{"Key":{"Id":"ExecutionId","Label":"ExecutionId","Category":"","Description":"","Attributes":1,"ValueType":"System.Guid"},"Value":"00000000-0000-0000-0000-000000000000"},{"Key":{"Id":"ParentExecId","Label":"ParentExecId","Category":"","Description":"","Attributes":1,"ValueType":"System.Guid"},"Value":"00000000-0000-0000-0000-000000000000"},{"Key":{"Id":"InnerResultsCount","Label":"InnerResultsCount","Category":"","Description":"","Attributes":1,"ValueType":"System.Int32"},"Value":0}]}],"TestRunStatistics":{"ExecutedTests":5,"Stats":{"Passed":1,"Failed":4}},"ActiveTests":[]},"RunAttachments":[],"ExecutorUris":["executor://mstestadapter/v2"]}}
TpTrace Verbose: 0 : 6408, 4, 2021/11/15, 13:36:32.562, 9243187629750, testhost.dll, BaseRunTests.RunTests: Run is complete.
TpTrace Verbose: 0 : 6408, 5, 2021/11/15, 13:36:32.568, 9243187691233, testhost.dll, TcpClientExtensions.MessageLoopAsync: NotifyDataAvailable remoteEndPoint: [::ffff:127.0.0.1]:53944 localEndPoint: [::ffff:127.0.0.1]:53945
TpTrace Information: 0 : 6408, 5, 2021/11/15, 13:36:32.568, 9243187693338, testhost.dll, TestRequestHandler.ProcessRequests: received message: (TestSession.Terminate) -> null
TpTrace Information: 0 : 6408, 5, 2021/11/15, 13:36:32.568, 9243187693855, testhost.dll, Session End message received from server. Closing the connection.
TpTrace Information: 0 : 6408, 5, 2021/11/15, 13:36:32.568, 9243187697607, testhost.dll, SocketClient.Stop: Stop communication from server endpoint: 127.0.0.1:053944
TpTrace Information: 0 : 6408, 5, 2021/11/15, 13:36:32.568, 9243187698474, testhost.dll, SocketClient: Stop: Cancellation requested. Stopping message loop.
TpTrace Verbose: 0 : 6408, 5, 2021/11/15, 13:36:32.569, 9243187701145, testhost.dll, LengthPrefixCommunicationChannel.Dispose: Dispose reader and writer.
TpTrace Information: 0 : 6408, 5, 2021/11/15, 13:36:32.569, 9243187702009, testhost.dll, Closing the connection !
TpTrace Information: 0 : 6408, 5, 2021/11/15, 13:36:32.569, 9243187705921, testhost.dll, SocketClient.PrivateStop: Stop communication from server endpoint: 127.0.0.1:053944, error:
TpTrace Verbose: 0 : 6408, 5, 2021/11/15, 13:36:32.570, 9243187711159, testhost.dll, LengthPrefixCommunicationChannel.Dispose: Dispose reader and writer.
TpTrace Information: 0 : 6408, 1, 2021/11/15, 13:36:32.570, 9243187711208, testhost.dll, Closing the connection !
TpTrace Verbose: 0 : 6408, 5, 2021/11/15, 13:36:32.570, 9243187712497, testhost.dll, TcpClientExtensions.MessageLoopAsync: exiting MessageLoopAsync remoteEndPoint: [::ffff:127.0.0.1]:53944 localEndPoint: [::ffff:127.0.0.1]:53945
TpTrace Information: 0 : 6408, 1, 2021/11/15, 13:36:32.570, 9243187713312, testhost.dll, SocketClient.Stop: Stop communication from server endpoint: 127.0.0.1:053944
TpTrace Verbose: 0 : 6408, 1, 2021/11/15, 13:36:32.570, 9243187714501, testhost.dll, LengthPrefixCommunicationChannel.Dispose: Dispose reader and writer.
TpTrace Information: 0 : 6408, 1, 2021/11/15, 13:36:32.570, 9243187715829, testhost.dll, Testhost process exiting.
